[2023-10-06 21:42:55,322] 5 root - INFO - Loading Enviroment Variables ...
[2023-10-06 21:42:55,836] 160 numexpr.utils - INFO - NumExpr defaulting to 8 threads.
[2023-10-06 21:42:57,073] 16 root - INFO - ********************Data Ingestion Loading********************
[2023-10-06 21:42:57,073] 25 root - INFO - Initiate Data Ingestion, Exporting Data as a Dataframe...
[2023-10-06 21:42:57,073] 14 root - INFO - Reading Data From DataBase: aps, accessing Collection: sensor
[2023-10-06 21:43:00,251] 16 root - INFO - Shape of the Dataset: (36188, 172)
[2023-10-06 21:43:00,449] 33 root - INFO - Save Data into Raw Data
[2023-10-06 21:43:00,451] 36 root - INFO - Raw Data Directory Initialised
[2023-10-06 21:43:01,972] 40 root - INFO - >>>Data Segregation Process Initiated<<<
[2023-10-06 21:43:02,160] 46 root - INFO - Save Training and Testing Datasets
[2023-10-06 21:43:03,409] 57 root - INFO - Data Ingestion artifact: DataIngestionArtifact(raw_data_dir='C:\\Users\\nikhi\\sensor-fault-classifier\\artifact\\10062023_214257\\data_ingestion\\raw_data\\raw_data.csv', train_data_dir='C:\\Users\\nikhi\\sensor-fault-classifier\\artifact\\10062023_214257\\data_ingestion\\dataset\\train.csv', test_data_dir='C:\\Users\\nikhi\\sensor-fault-classifier\\artifact\\10062023_214257\\data_ingestion\\dataset\\test.csv')
[2023-10-06 21:43:03,776] 17 root - INFO - ********************Data Validation Loading********************
[2023-10-06 21:43:03,776] 22 root - INFO - name 'data_ingestion_config' is not defined
[2023-10-06 21:49:55,803] 5 root - INFO - Loading Enviroment Variables ...
[2023-10-06 21:49:56,291] 160 numexpr.utils - INFO - NumExpr defaulting to 8 threads.
[2023-10-06 21:49:57,565] 16 root - INFO - ********************Data Ingestion Loading********************
[2023-10-06 21:49:57,566] 25 root - INFO - Initiate Data Ingestion, Exporting Data as a Dataframe...
[2023-10-06 21:49:57,566] 14 root - INFO - Reading Data From DataBase: aps, accessing Collection: sensor
[2023-10-06 21:50:00,640] 16 root - INFO - Shape of the Dataset: (36188, 172)
[2023-10-06 21:50:00,845] 33 root - INFO - Save Data into Raw Data
[2023-10-06 21:50:00,847] 36 root - INFO - Raw Data Directory Initialised
[2023-10-06 21:50:01,987] 40 root - INFO - >>>Data Segregation Process Initiated<<<
[2023-10-06 21:50:02,222] 46 root - INFO - Save Training and Testing Datasets
[2023-10-06 21:50:03,418] 57 root - INFO - Data Ingestion artifact: DataIngestionArtifact(raw_data_dir='C:\\Users\\nikhi\\sensor-fault-classifier\\artifact\\10062023_214957\\data_ingestion\\raw_data\\raw_data.csv', train_data_dir='C:\\Users\\nikhi\\sensor-fault-classifier\\artifact\\10062023_214957\\data_ingestion\\dataset\\train.csv', test_data_dir='C:\\Users\\nikhi\\sensor-fault-classifier\\artifact\\10062023_214957\\data_ingestion\\dataset\\test.csv')
[2023-10-06 21:50:03,774] 17 root - INFO - ********************Data Validation Loading********************
[2023-10-06 21:50:03,774] 89 root - INFO - Reading the Base Dataset, Treating for Missing Values
[2023-10-06 21:50:05,516] 28 root - INFO - Selecting Columns with Missing values above 2.0% Threshold
[2023-10-06 21:50:06,846] 28 root - INFO - Selecting Columns with Missing values above 2.0% Threshold
[2023-10-06 21:50:06,928] 28 root - INFO - Selecting Columns with Missing values above 2.0% Threshold
[2023-10-06 21:50:06,942] 68 root - INFO - Running Kologomorov-Smirnov Test to Check If data belong to the same distribution
[2023-10-06 21:50:07,019] 68 root - INFO - Running Kologomorov-Smirnov Test to Check If data belong to the same distribution
[2023-10-06 21:50:07,029] 68 root - INFO - Running Kologomorov-Smirnov Test to Check If data belong to the same distribution
[2023-10-06 21:50:07,065] 68 root - INFO - Running Kologomorov-Smirnov Test to Check If data belong to the same distribution
[2023-10-06 21:50:07,145] 68 root - INFO - Running Kologomorov-Smirnov Test to Check If data belong to the same distribution
[2023-10-06 21:50:07,221] 68 root - INFO - Running Kologomorov-Smirnov Test to Check If data belong to the same distribution
[2023-10-06 21:50:07,303] 68 root - INFO - Running Kologomorov-Smirnov Test to Check If data belong to the same distribution
[2023-10-06 21:50:07,421] 68 root - INFO - Running Kologomorov-Smirnov Test to Check If data belong to the same distribution
[2023-10-06 21:50:07,526] 68 root - INFO - Running Kologomorov-Smirnov Test to Check If data belong to the same distribution
[2023-10-06 21:50:07,596] 68 root - INFO - Running Kologomorov-Smirnov Test to Check If data belong to the same distribution
[2023-10-06 21:50:07,688] 68 root - INFO - Running Kologomorov-Smirnov Test to Check If data belong to the same distribution
[2023-10-06 21:50:07,805] 68 root - INFO - Running Kologomorov-Smirnov Test to Check If data belong to the same distribution
[2023-10-06 21:50:07,952] 68 root - INFO - Running Kologomorov-Smirnov Test to Check If data belong to the same distribution
[2023-10-06 21:50:08,078] 68 root - INFO - Running Kologomorov-Smirnov Test to Check If data belong to the same distribution
[2023-10-06 21:50:08,227] 68 root - INFO - Running Kologomorov-Smirnov Test to Check If data belong to the same distribution
[2023-10-06 21:50:08,349] 68 root - INFO - Running Kologomorov-Smirnov Test to Check If data belong to the same distribution
[2023-10-06 21:50:08,482] 68 root - INFO - Running Kologomorov-Smirnov Test to Check If data belong to the same distribution
[2023-10-06 21:50:08,602] 68 root - INFO - Running Kologomorov-Smirnov Test to Check If data belong to the same distribution
[2023-10-06 21:50:08,732] 68 root - INFO - Running Kologomorov-Smirnov Test to Check If data belong to the same distribution
[2023-10-06 21:50:08,831] 68 root - INFO - Running Kologomorov-Smirnov Test to Check If data belong to the same distribution
[2023-10-06 21:50:08,903] 68 root - INFO - Running Kologomorov-Smirnov Test to Check If data belong to the same distribution
[2023-10-06 21:50:08,986] 68 root - INFO - Running Kologomorov-Smirnov Test to Check If data belong to the same distribution
[2023-10-06 21:50:09,089] 68 root - INFO - Running Kologomorov-Smirnov Test to Check If data belong to the same distribution
[2023-10-06 21:50:09,178] 68 root - INFO - Running Kologomorov-Smirnov Test to Check If data belong to the same distribution
[2023-10-06 21:50:09,278] 68 root - INFO - Running Kologomorov-Smirnov Test to Check If data belong to the same distribution
[2023-10-06 21:50:09,381] 68 root - INFO - Running Kologomorov-Smirnov Test to Check If data belong to the same distribution
[2023-10-06 21:50:09,476] 68 root - INFO - Running Kologomorov-Smirnov Test to Check If data belong to the same distribution
[2023-10-06 21:50:09,577] 68 root - INFO - Running Kologomorov-Smirnov Test to Check If data belong to the same distribution
[2023-10-06 21:50:09,666] 68 root - INFO - Running Kologomorov-Smirnov Test to Check If data belong to the same distribution
[2023-10-06 21:50:09,752] 68 root - INFO - Running Kologomorov-Smirnov Test to Check If data belong to the same distribution
[2023-10-06 21:50:09,855] 68 root - INFO - Running Kologomorov-Smirnov Test to Check If data belong to the same distribution
[2023-10-06 21:50:09,933] 68 root - INFO - Running Kologomorov-Smirnov Test to Check If data belong to the same distribution
[2023-10-06 21:50:10,062] 68 root - INFO - Running Kologomorov-Smirnov Test to Check If data belong to the same distribution
[2023-10-06 21:50:10,163] 68 root - INFO - Running Kologomorov-Smirnov Test to Check If data belong to the same distribution
[2023-10-06 21:50:10,247] 68 root - INFO - Running Kologomorov-Smirnov Test to Check If data belong to the same distribution
[2023-10-06 21:50:10,323] 68 root - INFO - Running Kologomorov-Smirnov Test to Check If data belong to the same distribution
[2023-10-06 21:50:10,392] 68 root - INFO - Running Kologomorov-Smirnov Test to Check If data belong to the same distribution
[2023-10-06 21:50:10,462] 68 root - INFO - Running Kologomorov-Smirnov Test to Check If data belong to the same distribution
[2023-10-06 21:50:10,540] 68 root - INFO - Running Kologomorov-Smirnov Test to Check If data belong to the same distribution
[2023-10-06 21:50:10,647] 68 root - INFO - Running Kologomorov-Smirnov Test to Check If data belong to the same distribution
[2023-10-06 21:50:10,779] 68 root - INFO - Running Kologomorov-Smirnov Test to Check If data belong to the same distribution
[2023-10-06 21:50:10,892] 68 root - INFO - Running Kologomorov-Smirnov Test to Check If data belong to the same distribution
[2023-10-06 21:50:10,994] 68 root - INFO - Running Kologomorov-Smirnov Test to Check If data belong to the same distribution
[2023-10-06 21:50:11,073] 68 root - INFO - Running Kologomorov-Smirnov Test to Check If data belong to the same distribution
[2023-10-06 21:50:11,161] 68 root - INFO - Running Kologomorov-Smirnov Test to Check If data belong to the same distribution
[2023-10-06 21:50:11,248] 68 root - INFO - Running Kologomorov-Smirnov Test to Check If data belong to the same distribution
[2023-10-06 21:50:11,337] 68 root - INFO - Running Kologomorov-Smirnov Test to Check If data belong to the same distribution
[2023-10-06 21:50:11,426] 68 root - INFO - Running Kologomorov-Smirnov Test to Check If data belong to the same distribution
[2023-10-06 21:50:11,524] 68 root - INFO - Running Kologomorov-Smirnov Test to Check If data belong to the same distribution
[2023-10-06 21:50:11,619] 68 root - INFO - Running Kologomorov-Smirnov Test to Check If data belong to the same distribution
[2023-10-06 21:50:11,721] 68 root - INFO - Running Kologomorov-Smirnov Test to Check If data belong to the same distribution
[2023-10-06 21:50:11,810] 68 root - INFO - Running Kologomorov-Smirnov Test to Check If data belong to the same distribution
[2023-10-06 21:50:11,905] 68 root - INFO - Running Kologomorov-Smirnov Test to Check If data belong to the same distribution
[2023-10-06 21:50:11,993] 68 root - INFO - Running Kologomorov-Smirnov Test to Check If data belong to the same distribution
[2023-10-06 21:50:12,091] 68 root - INFO - Running Kologomorov-Smirnov Test to Check If data belong to the same distribution
[2023-10-06 21:50:12,211] 68 root - INFO - Running Kologomorov-Smirnov Test to Check If data belong to the same distribution
[2023-10-06 21:50:12,328] 68 root - INFO - Running Kologomorov-Smirnov Test to Check If data belong to the same distribution
[2023-10-06 21:50:12,431] 68 root - INFO - Running Kologomorov-Smirnov Test to Check If data belong to the same distribution
[2023-10-06 21:50:12,530] 68 root - INFO - Running Kologomorov-Smirnov Test to Check If data belong to the same distribution
[2023-10-06 21:50:12,638] 68 root - INFO - Running Kologomorov-Smirnov Test to Check If data belong to the same distribution
[2023-10-06 21:50:12,773] 68 root - INFO - Running Kologomorov-Smirnov Test to Check If data belong to the same distribution
[2023-10-06 21:50:12,886] 68 root - INFO - Running Kologomorov-Smirnov Test to Check If data belong to the same distribution
[2023-10-06 21:50:12,987] 68 root - INFO - Running Kologomorov-Smirnov Test to Check If data belong to the same distribution
[2023-10-06 21:50:13,061] 68 root - INFO - Running Kologomorov-Smirnov Test to Check If data belong to the same distribution
[2023-10-06 21:50:13,161] 68 root - INFO - Running Kologomorov-Smirnov Test to Check If data belong to the same distribution
[2023-10-06 21:50:13,240] 68 root - INFO - Running Kologomorov-Smirnov Test to Check If data belong to the same distribution
[2023-10-06 21:50:13,324] 68 root - INFO - Running Kologomorov-Smirnov Test to Check If data belong to the same distribution
[2023-10-06 21:50:13,404] 68 root - INFO - Running Kologomorov-Smirnov Test to Check If data belong to the same distribution
[2023-10-06 21:50:13,479] 68 root - INFO - Running Kologomorov-Smirnov Test to Check If data belong to the same distribution
[2023-10-06 21:50:13,582] 68 root - INFO - Running Kologomorov-Smirnov Test to Check If data belong to the same distribution
[2023-10-06 21:50:13,674] 68 root - INFO - Running Kologomorov-Smirnov Test to Check If data belong to the same distribution
[2023-10-06 21:50:13,769] 68 root - INFO - Running Kologomorov-Smirnov Test to Check If data belong to the same distribution
[2023-10-06 21:50:13,864] 68 root - INFO - Running Kologomorov-Smirnov Test to Check If data belong to the same distribution
[2023-10-06 21:50:13,940] 68 root - INFO - Running Kologomorov-Smirnov Test to Check If data belong to the same distribution
[2023-10-06 21:50:14,007] 68 root - INFO - Running Kologomorov-Smirnov Test to Check If data belong to the same distribution
[2023-10-06 21:50:14,055] 68 root - INFO - Running Kologomorov-Smirnov Test to Check If data belong to the same distribution
[2023-10-06 21:50:14,097] 68 root - INFO - Running Kologomorov-Smirnov Test to Check If data belong to the same distribution
[2023-10-06 21:50:14,136] 68 root - INFO - Running Kologomorov-Smirnov Test to Check If data belong to the same distribution
[2023-10-06 21:50:14,172] 68 root - INFO - Running Kologomorov-Smirnov Test to Check If data belong to the same distribution
[2023-10-06 21:50:14,207] 68 root - INFO - Running Kologomorov-Smirnov Test to Check If data belong to the same distribution
[2023-10-06 21:50:14,242] 68 root - INFO - Running Kologomorov-Smirnov Test to Check If data belong to the same distribution
[2023-10-06 21:50:14,338] 68 root - INFO - Running Kologomorov-Smirnov Test to Check If data belong to the same distribution
[2023-10-06 21:50:14,440] 68 root - INFO - Running Kologomorov-Smirnov Test to Check If data belong to the same distribution
[2023-10-06 21:50:14,538] 68 root - INFO - Running Kologomorov-Smirnov Test to Check If data belong to the same distribution
[2023-10-06 21:50:14,632] 68 root - INFO - Running Kologomorov-Smirnov Test to Check If data belong to the same distribution
[2023-10-06 21:50:14,722] 68 root - INFO - Running Kologomorov-Smirnov Test to Check If data belong to the same distribution
[2023-10-06 21:50:14,818] 68 root - INFO - Running Kologomorov-Smirnov Test to Check If data belong to the same distribution
[2023-10-06 21:50:14,904] 68 root - INFO - Running Kologomorov-Smirnov Test to Check If data belong to the same distribution
[2023-10-06 21:50:14,991] 68 root - INFO - Running Kologomorov-Smirnov Test to Check If data belong to the same distribution
[2023-10-06 21:50:15,107] 68 root - INFO - Running Kologomorov-Smirnov Test to Check If data belong to the same distribution
[2023-10-06 21:50:15,228] 68 root - INFO - Running Kologomorov-Smirnov Test to Check If data belong to the same distribution
[2023-10-06 21:50:15,315] 68 root - INFO - Running Kologomorov-Smirnov Test to Check If data belong to the same distribution
[2023-10-06 21:50:15,397] 68 root - INFO - Running Kologomorov-Smirnov Test to Check If data belong to the same distribution
[2023-10-06 21:50:15,458] 68 root - INFO - Running Kologomorov-Smirnov Test to Check If data belong to the same distribution
[2023-10-06 21:50:15,526] 68 root - INFO - Running Kologomorov-Smirnov Test to Check If data belong to the same distribution
[2023-10-06 21:50:15,602] 68 root - INFO - Running Kologomorov-Smirnov Test to Check If data belong to the same distribution
[2023-10-06 21:50:15,723] 68 root - INFO - Running Kologomorov-Smirnov Test to Check If data belong to the same distribution
[2023-10-06 21:50:15,839] 68 root - INFO - Running Kologomorov-Smirnov Test to Check If data belong to the same distribution
[2023-10-06 21:50:15,959] 68 root - INFO - Running Kologomorov-Smirnov Test to Check If data belong to the same distribution
[2023-10-06 21:50:16,035] 68 root - INFO - Running Kologomorov-Smirnov Test to Check If data belong to the same distribution
[2023-10-06 21:50:16,110] 68 root - INFO - Running Kologomorov-Smirnov Test to Check If data belong to the same distribution
[2023-10-06 21:50:16,183] 68 root - INFO - Running Kologomorov-Smirnov Test to Check If data belong to the same distribution
[2023-10-06 21:50:16,265] 68 root - INFO - Running Kologomorov-Smirnov Test to Check If data belong to the same distribution
[2023-10-06 21:50:16,347] 68 root - INFO - Running Kologomorov-Smirnov Test to Check If data belong to the same distribution
[2023-10-06 21:50:16,440] 68 root - INFO - Running Kologomorov-Smirnov Test to Check If data belong to the same distribution
[2023-10-06 21:50:16,563] 68 root - INFO - Running Kologomorov-Smirnov Test to Check If data belong to the same distribution
[2023-10-06 21:50:16,707] 68 root - INFO - Running Kologomorov-Smirnov Test to Check If data belong to the same distribution
[2023-10-06 21:50:16,821] 68 root - INFO - Running Kologomorov-Smirnov Test to Check If data belong to the same distribution
[2023-10-06 21:50:16,919] 68 root - INFO - Running Kologomorov-Smirnov Test to Check If data belong to the same distribution
[2023-10-06 21:50:17,009] 68 root - INFO - Running Kologomorov-Smirnov Test to Check If data belong to the same distribution
[2023-10-06 21:50:17,089] 68 root - INFO - Running Kologomorov-Smirnov Test to Check If data belong to the same distribution
[2023-10-06 21:50:17,159] 68 root - INFO - Running Kologomorov-Smirnov Test to Check If data belong to the same distribution
[2023-10-06 21:50:17,255] 68 root - INFO - Running Kologomorov-Smirnov Test to Check If data belong to the same distribution
[2023-10-06 21:50:17,377] 68 root - INFO - Running Kologomorov-Smirnov Test to Check If data belong to the same distribution
[2023-10-06 21:50:17,437] 68 root - INFO - Running Kologomorov-Smirnov Test to Check If data belong to the same distribution
[2023-10-06 21:50:17,550] 68 root - INFO - Running Kologomorov-Smirnov Test to Check If data belong to the same distribution
[2023-10-06 21:50:17,642] 68 root - INFO - Running Kologomorov-Smirnov Test to Check If data belong to the same distribution
[2023-10-06 21:50:17,732] 68 root - INFO - Running Kologomorov-Smirnov Test to Check If data belong to the same distribution
[2023-10-06 21:50:17,828] 68 root - INFO - Running Kologomorov-Smirnov Test to Check If data belong to the same distribution
[2023-10-06 21:50:17,919] 68 root - INFO - Running Kologomorov-Smirnov Test to Check If data belong to the same distribution
[2023-10-06 21:50:18,016] 68 root - INFO - Running Kologomorov-Smirnov Test to Check If data belong to the same distribution
[2023-10-06 21:50:18,135] 68 root - INFO - Running Kologomorov-Smirnov Test to Check If data belong to the same distribution
[2023-10-06 21:50:18,272] 68 root - INFO - Running Kologomorov-Smirnov Test to Check If data belong to the same distribution
[2023-10-06 21:50:18,389] 68 root - INFO - Running Kologomorov-Smirnov Test to Check If data belong to the same distribution
[2023-10-06 21:50:18,489] 68 root - INFO - Running Kologomorov-Smirnov Test to Check If data belong to the same distribution
[2023-10-06 21:50:18,577] 68 root - INFO - Running Kologomorov-Smirnov Test to Check If data belong to the same distribution
[2023-10-06 21:50:18,653] 68 root - INFO - Running Kologomorov-Smirnov Test to Check If data belong to the same distribution
[2023-10-06 21:50:18,735] 68 root - INFO - Running Kologomorov-Smirnov Test to Check If data belong to the same distribution
[2023-10-06 21:50:18,816] 68 root - INFO - Running Kologomorov-Smirnov Test to Check If data belong to the same distribution
[2023-10-06 21:50:18,874] 68 root - INFO - Running Kologomorov-Smirnov Test to Check If data belong to the same distribution
[2023-10-06 21:50:18,945] 68 root - INFO - Running Kologomorov-Smirnov Test to Check If data belong to the same distribution
[2023-10-06 21:50:19,002] 68 root - INFO - Running Kologomorov-Smirnov Test to Check If data belong to the same distribution
[2023-10-06 21:50:19,073] 68 root - INFO - Running Kologomorov-Smirnov Test to Check If data belong to the same distribution
[2023-10-06 21:50:19,153] 68 root - INFO - Running Kologomorov-Smirnov Test to Check If data belong to the same distribution
[2023-10-06 21:50:19,238] 68 root - INFO - Running Kologomorov-Smirnov Test to Check If data belong to the same distribution
[2023-10-06 21:50:19,341] 68 root - INFO - Running Kologomorov-Smirnov Test to Check If data belong to the same distribution
[2023-10-06 21:50:19,433] 68 root - INFO - Running Kologomorov-Smirnov Test to Check If data belong to the same distribution
[2023-10-06 21:50:19,523] 68 root - INFO - Running Kologomorov-Smirnov Test to Check If data belong to the same distribution
[2023-10-06 21:50:19,626] 68 root - INFO - Running Kologomorov-Smirnov Test to Check If data belong to the same distribution
[2023-10-06 21:50:19,738] 68 root - INFO - Running Kologomorov-Smirnov Test to Check If data belong to the same distribution
[2023-10-06 21:50:19,839] 68 root - INFO - Running Kologomorov-Smirnov Test to Check If data belong to the same distribution
[2023-10-06 21:50:19,938] 68 root - INFO - Running Kologomorov-Smirnov Test to Check If data belong to the same distribution
[2023-10-06 21:50:20,030] 68 root - INFO - Running Kologomorov-Smirnov Test to Check If data belong to the same distribution
[2023-10-06 21:50:20,135] 68 root - INFO - Running Kologomorov-Smirnov Test to Check If data belong to the same distribution
[2023-10-06 21:50:20,243] 68 root - INFO - Running Kologomorov-Smirnov Test to Check If data belong to the same distribution
[2023-10-06 21:50:20,340] 68 root - INFO - Running Kologomorov-Smirnov Test to Check If data belong to the same distribution
[2023-10-06 21:50:20,430] 68 root - INFO - Running Kologomorov-Smirnov Test to Check If data belong to the same distribution
[2023-10-06 21:50:20,520] 68 root - INFO - Running Kologomorov-Smirnov Test to Check If data belong to the same distribution
[2023-10-06 21:50:20,627] 68 root - INFO - Running Kologomorov-Smirnov Test to Check If data belong to the same distribution
[2023-10-06 21:50:20,749] 68 root - INFO - Running Kologomorov-Smirnov Test to Check If data belong to the same distribution
[2023-10-06 21:50:20,851] 68 root - INFO - Running Kologomorov-Smirnov Test to Check If data belong to the same distribution
[2023-10-06 21:50:20,958] 68 root - INFO - Running Kologomorov-Smirnov Test to Check If data belong to the same distribution
[2023-10-06 21:50:21,050] 68 root - INFO - Running Kologomorov-Smirnov Test to Check If data belong to the same distribution
[2023-10-06 21:50:21,155] 68 root - INFO - Running Kologomorov-Smirnov Test to Check If data belong to the same distribution
[2023-10-06 21:50:21,272] 68 root - INFO - Running Kologomorov-Smirnov Test to Check If data belong to the same distribution
[2023-10-06 21:50:21,358] 68 root - INFO - Running Kologomorov-Smirnov Test to Check If data belong to the same distribution
[2023-10-06 21:50:21,435] 68 root - INFO - Running Kologomorov-Smirnov Test to Check If data belong to the same distribution
[2023-10-06 21:50:21,517] 68 root - INFO - Running Kologomorov-Smirnov Test to Check If data belong to the same distribution
[2023-10-06 21:50:21,610] 68 root - INFO - Running Kologomorov-Smirnov Test to Check If data belong to the same distribution
[2023-10-06 21:50:21,695] 68 root - INFO - Running Kologomorov-Smirnov Test to Check If data belong to the same distribution
[2023-10-06 21:50:21,790] 68 root - INFO - Running Kologomorov-Smirnov Test to Check If data belong to the same distribution
[2023-10-06 21:50:21,887] 68 root - INFO - Running Kologomorov-Smirnov Test to Check If data belong to the same distribution
[2023-10-06 21:50:21,980] 68 root - INFO - Running Kologomorov-Smirnov Test to Check If data belong to the same distribution
[2023-10-06 21:50:22,102] 68 root - INFO - Running Kologomorov-Smirnov Test to Check If data belong to the same distribution
[2023-10-06 21:50:22,208] 68 root - INFO - Running Kologomorov-Smirnov Test to Check If data belong to the same distribution
[2023-10-06 21:50:22,327] 68 root - INFO - Running Kologomorov-Smirnov Test to Check If data belong to the same distribution
[2023-10-06 21:50:22,433] 68 root - INFO - Running Kologomorov-Smirnov Test to Check If data belong to the same distribution
[2023-10-06 21:50:22,559] 68 root - INFO - Running Kologomorov-Smirnov Test to Check If data belong to the same distribution
[2023-10-06 21:50:22,679] 68 root - INFO - Running Kologomorov-Smirnov Test to Check If data belong to the same distribution
[2023-10-06 21:50:22,772] 68 root - INFO - Running Kologomorov-Smirnov Test to Check If data belong to the same distribution
[2023-10-06 21:50:22,849] 68 root - INFO - Running Kologomorov-Smirnov Test to Check If data belong to the same distribution
[2023-10-06 21:50:22,925] 68 root - INFO - Running Kologomorov-Smirnov Test to Check If data belong to the same distribution
[2023-10-06 21:50:22,965] 68 root - INFO - Running Kologomorov-Smirnov Test to Check If data belong to the same distribution
[2023-10-06 21:50:22,972] 68 root - INFO - Running Kologomorov-Smirnov Test to Check If data belong to the same distribution
[2023-10-06 21:50:22,993] 68 root - INFO - Running Kologomorov-Smirnov Test to Check If data belong to the same distribution
[2023-10-06 21:50:23,046] 68 root - INFO - Running Kologomorov-Smirnov Test to Check If data belong to the same distribution
[2023-10-06 21:50:23,094] 68 root - INFO - Running Kologomorov-Smirnov Test to Check If data belong to the same distribution
[2023-10-06 21:50:23,142] 68 root - INFO - Running Kologomorov-Smirnov Test to Check If data belong to the same distribution
[2023-10-06 21:50:23,192] 68 root - INFO - Running Kologomorov-Smirnov Test to Check If data belong to the same distribution
[2023-10-06 21:50:23,237] 68 root - INFO - Running Kologomorov-Smirnov Test to Check If data belong to the same distribution
[2023-10-06 21:50:23,288] 68 root - INFO - Running Kologomorov-Smirnov Test to Check If data belong to the same distribution
[2023-10-06 21:50:23,341] 68 root - INFO - Running Kologomorov-Smirnov Test to Check If data belong to the same distribution
[2023-10-06 21:50:23,389] 68 root - INFO - Running Kologomorov-Smirnov Test to Check If data belong to the same distribution
[2023-10-06 21:50:23,446] 68 root - INFO - Running Kologomorov-Smirnov Test to Check If data belong to the same distribution
[2023-10-06 21:50:23,502] 68 root - INFO - Running Kologomorov-Smirnov Test to Check If data belong to the same distribution
[2023-10-06 21:50:23,583] 68 root - INFO - Running Kologomorov-Smirnov Test to Check If data belong to the same distribution
[2023-10-06 21:50:23,663] 68 root - INFO - Running Kologomorov-Smirnov Test to Check If data belong to the same distribution
[2023-10-06 21:50:23,713] 68 root - INFO - Running Kologomorov-Smirnov Test to Check If data belong to the same distribution
[2023-10-06 21:50:23,767] 68 root - INFO - Running Kologomorov-Smirnov Test to Check If data belong to the same distribution
[2023-10-06 21:50:23,831] 68 root - INFO - Running Kologomorov-Smirnov Test to Check If data belong to the same distribution
[2023-10-06 21:50:23,879] 68 root - INFO - Running Kologomorov-Smirnov Test to Check If data belong to the same distribution
[2023-10-06 21:50:23,951] 68 root - INFO - Running Kologomorov-Smirnov Test to Check If data belong to the same distribution
[2023-10-06 21:50:23,998] 68 root - INFO - Running Kologomorov-Smirnov Test to Check If data belong to the same distribution
[2023-10-06 21:50:24,053] 68 root - INFO - Running Kologomorov-Smirnov Test to Check If data belong to the same distribution
[2023-10-06 21:50:24,114] 68 root - INFO - Running Kologomorov-Smirnov Test to Check If data belong to the same distribution
[2023-10-06 21:50:24,180] 68 root - INFO - Running Kologomorov-Smirnov Test to Check If data belong to the same distribution
[2023-10-06 21:50:24,243] 68 root - INFO - Running Kologomorov-Smirnov Test to Check If data belong to the same distribution
[2023-10-06 21:50:24,315] 68 root - INFO - Running Kologomorov-Smirnov Test to Check If data belong to the same distribution
[2023-10-06 21:50:24,375] 68 root - INFO - Running Kologomorov-Smirnov Test to Check If data belong to the same distribution
[2023-10-06 21:50:24,415] 68 root - INFO - Running Kologomorov-Smirnov Test to Check If data belong to the same distribution
[2023-10-06 21:50:24,454] 68 root - INFO - Running Kologomorov-Smirnov Test to Check If data belong to the same distribution
[2023-10-06 21:50:24,504] 68 root - INFO - Running Kologomorov-Smirnov Test to Check If data belong to the same distribution
[2023-10-06 21:50:24,542] 68 root - INFO - Running Kologomorov-Smirnov Test to Check If data belong to the same distribution
[2023-10-06 21:50:24,602] 68 root - INFO - Running Kologomorov-Smirnov Test to Check If data belong to the same distribution
[2023-10-06 21:50:24,653] 68 root - INFO - Running Kologomorov-Smirnov Test to Check If data belong to the same distribution
[2023-10-06 21:50:24,696] 68 root - INFO - Running Kologomorov-Smirnov Test to Check If data belong to the same distribution
[2023-10-06 21:50:24,736] 68 root - INFO - Running Kologomorov-Smirnov Test to Check If data belong to the same distribution
[2023-10-06 21:50:24,778] 68 root - INFO - Running Kologomorov-Smirnov Test to Check If data belong to the same distribution
[2023-10-06 21:50:24,822] 68 root - INFO - Running Kologomorov-Smirnov Test to Check If data belong to the same distribution
[2023-10-06 21:50:24,865] 68 root - INFO - Running Kologomorov-Smirnov Test to Check If data belong to the same distribution
[2023-10-06 21:50:24,914] 68 root - INFO - Running Kologomorov-Smirnov Test to Check If data belong to the same distribution
[2023-10-06 21:50:24,967] 68 root - INFO - Running Kologomorov-Smirnov Test to Check If data belong to the same distribution
[2023-10-06 21:50:25,028] 68 root - INFO - Running Kologomorov-Smirnov Test to Check If data belong to the same distribution
[2023-10-06 21:50:25,088] 68 root - INFO - Running Kologomorov-Smirnov Test to Check If data belong to the same distribution
[2023-10-06 21:50:25,128] 68 root - INFO - Running Kologomorov-Smirnov Test to Check If data belong to the same distribution
[2023-10-06 21:50:25,183] 68 root - INFO - Running Kologomorov-Smirnov Test to Check If data belong to the same distribution
[2023-10-06 21:50:25,237] 68 root - INFO - Running Kologomorov-Smirnov Test to Check If data belong to the same distribution
[2023-10-06 21:50:25,293] 68 root - INFO - Running Kologomorov-Smirnov Test to Check If data belong to the same distribution
[2023-10-06 21:50:25,352] 68 root - INFO - Running Kologomorov-Smirnov Test to Check If data belong to the same distribution
[2023-10-06 21:50:25,415] 68 root - INFO - Running Kologomorov-Smirnov Test to Check If data belong to the same distribution
[2023-10-06 21:50:25,476] 68 root - INFO - Running Kologomorov-Smirnov Test to Check If data belong to the same distribution
[2023-10-06 21:50:25,529] 68 root - INFO - Running Kologomorov-Smirnov Test to Check If data belong to the same distribution
[2023-10-06 21:50:25,575] 68 root - INFO - Running Kologomorov-Smirnov Test to Check If data belong to the same distribution
[2023-10-06 21:50:25,625] 68 root - INFO - Running Kologomorov-Smirnov Test to Check If data belong to the same distribution
[2023-10-06 21:50:25,674] 68 root - INFO - Running Kologomorov-Smirnov Test to Check If data belong to the same distribution
[2023-10-06 21:50:25,740] 68 root - INFO - Running Kologomorov-Smirnov Test to Check If data belong to the same distribution
[2023-10-06 21:50:25,809] 68 root - INFO - Running Kologomorov-Smirnov Test to Check If data belong to the same distribution
[2023-10-06 21:50:25,880] 68 root - INFO - Running Kologomorov-Smirnov Test to Check If data belong to the same distribution
[2023-10-06 21:50:25,937] 68 root - INFO - Running Kologomorov-Smirnov Test to Check If data belong to the same distribution
[2023-10-06 21:50:25,994] 68 root - INFO - Running Kologomorov-Smirnov Test to Check If data belong to the same distribution
[2023-10-06 21:50:26,053] 68 root - INFO - Running Kologomorov-Smirnov Test to Check If data belong to the same distribution
[2023-10-06 21:50:26,113] 68 root - INFO - Running Kologomorov-Smirnov Test to Check If data belong to the same distribution
[2023-10-06 21:50:26,169] 68 root - INFO - Running Kologomorov-Smirnov Test to Check If data belong to the same distribution
[2023-10-06 21:50:26,219] 68 root - INFO - Running Kologomorov-Smirnov Test to Check If data belong to the same distribution
[2023-10-06 21:50:26,271] 68 root - INFO - Running Kologomorov-Smirnov Test to Check If data belong to the same distribution
[2023-10-06 21:50:26,331] 68 root - INFO - Running Kologomorov-Smirnov Test to Check If data belong to the same distribution
[2023-10-06 21:50:26,379] 68 root - INFO - Running Kologomorov-Smirnov Test to Check If data belong to the same distribution
[2023-10-06 21:50:26,429] 68 root - INFO - Running Kologomorov-Smirnov Test to Check If data belong to the same distribution
[2023-10-06 21:50:26,484] 68 root - INFO - Running Kologomorov-Smirnov Test to Check If data belong to the same distribution
[2023-10-06 21:50:26,530] 68 root - INFO - Running Kologomorov-Smirnov Test to Check If data belong to the same distribution
[2023-10-06 21:50:26,593] 68 root - INFO - Running Kologomorov-Smirnov Test to Check If data belong to the same distribution
[2023-10-06 21:50:26,649] 68 root - INFO - Running Kologomorov-Smirnov Test to Check If data belong to the same distribution
[2023-10-06 21:50:26,713] 68 root - INFO - Running Kologomorov-Smirnov Test to Check If data belong to the same distribution
[2023-10-06 21:50:26,771] 68 root - INFO - Running Kologomorov-Smirnov Test to Check If data belong to the same distribution
[2023-10-06 21:50:26,818] 68 root - INFO - Running Kologomorov-Smirnov Test to Check If data belong to the same distribution
[2023-10-06 21:50:26,858] 68 root - INFO - Running Kologomorov-Smirnov Test to Check If data belong to the same distribution
[2023-10-06 21:50:26,890] 68 root - INFO - Running Kologomorov-Smirnov Test to Check If data belong to the same distribution
[2023-10-06 21:50:26,916] 68 root - INFO - Running Kologomorov-Smirnov Test to Check If data belong to the same distribution
[2023-10-06 21:50:26,942] 68 root - INFO - Running Kologomorov-Smirnov Test to Check If data belong to the same distribution
[2023-10-06 21:50:26,965] 68 root - INFO - Running Kologomorov-Smirnov Test to Check If data belong to the same distribution
[2023-10-06 21:50:26,988] 68 root - INFO - Running Kologomorov-Smirnov Test to Check If data belong to the same distribution
[2023-10-06 21:50:27,010] 68 root - INFO - Running Kologomorov-Smirnov Test to Check If data belong to the same distribution
[2023-10-06 21:50:27,069] 68 root - INFO - Running Kologomorov-Smirnov Test to Check If data belong to the same distribution
[2023-10-06 21:50:27,137] 68 root - INFO - Running Kologomorov-Smirnov Test to Check If data belong to the same distribution
[2023-10-06 21:50:27,195] 68 root - INFO - Running Kologomorov-Smirnov Test to Check If data belong to the same distribution
[2023-10-06 21:50:27,255] 68 root - INFO - Running Kologomorov-Smirnov Test to Check If data belong to the same distribution
[2023-10-06 21:50:27,312] 68 root - INFO - Running Kologomorov-Smirnov Test to Check If data belong to the same distribution
[2023-10-06 21:50:27,368] 68 root - INFO - Running Kologomorov-Smirnov Test to Check If data belong to the same distribution
[2023-10-06 21:50:27,427] 68 root - INFO - Running Kologomorov-Smirnov Test to Check If data belong to the same distribution
[2023-10-06 21:50:27,486] 68 root - INFO - Running Kologomorov-Smirnov Test to Check If data belong to the same distribution
[2023-10-06 21:50:27,552] 68 root - INFO - Running Kologomorov-Smirnov Test to Check If data belong to the same distribution
[2023-10-06 21:50:27,612] 68 root - INFO - Running Kologomorov-Smirnov Test to Check If data belong to the same distribution
[2023-10-06 21:50:27,651] 68 root - INFO - Running Kologomorov-Smirnov Test to Check If data belong to the same distribution
[2023-10-06 21:50:27,708] 68 root - INFO - Running Kologomorov-Smirnov Test to Check If data belong to the same distribution
[2023-10-06 21:50:27,750] 68 root - INFO - Running Kologomorov-Smirnov Test to Check If data belong to the same distribution
[2023-10-06 21:50:27,796] 68 root - INFO - Running Kologomorov-Smirnov Test to Check If data belong to the same distribution
[2023-10-06 21:50:27,833] 68 root - INFO - Running Kologomorov-Smirnov Test to Check If data belong to the same distribution
[2023-10-06 21:50:27,893] 68 root - INFO - Running Kologomorov-Smirnov Test to Check If data belong to the same distribution
[2023-10-06 21:50:27,938] 68 root - INFO - Running Kologomorov-Smirnov Test to Check If data belong to the same distribution
[2023-10-06 21:50:27,998] 68 root - INFO - Running Kologomorov-Smirnov Test to Check If data belong to the same distribution
[2023-10-06 21:50:28,040] 68 root - INFO - Running Kologomorov-Smirnov Test to Check If data belong to the same distribution
[2023-10-06 21:50:28,088] 68 root - INFO - Running Kologomorov-Smirnov Test to Check If data belong to the same distribution
[2023-10-06 21:50:28,132] 68 root - INFO - Running Kologomorov-Smirnov Test to Check If data belong to the same distribution
[2023-10-06 21:50:28,184] 68 root - INFO - Running Kologomorov-Smirnov Test to Check If data belong to the same distribution
[2023-10-06 21:50:28,256] 68 root - INFO - Running Kologomorov-Smirnov Test to Check If data belong to the same distribution
[2023-10-06 21:50:28,329] 68 root - INFO - Running Kologomorov-Smirnov Test to Check If data belong to the same distribution
[2023-10-06 21:50:28,391] 68 root - INFO - Running Kologomorov-Smirnov Test to Check If data belong to the same distribution
[2023-10-06 21:50:28,449] 68 root - INFO - Running Kologomorov-Smirnov Test to Check If data belong to the same distribution
[2023-10-06 21:50:28,507] 68 root - INFO - Running Kologomorov-Smirnov Test to Check If data belong to the same distribution
[2023-10-06 21:50:28,563] 68 root - INFO - Running Kologomorov-Smirnov Test to Check If data belong to the same distribution
[2023-10-06 21:50:28,618] 68 root - INFO - Running Kologomorov-Smirnov Test to Check If data belong to the same distribution
[2023-10-06 21:50:28,667] 68 root - INFO - Running Kologomorov-Smirnov Test to Check If data belong to the same distribution
[2023-10-06 21:50:28,709] 68 root - INFO - Running Kologomorov-Smirnov Test to Check If data belong to the same distribution
[2023-10-06 21:50:28,758] 68 root - INFO - Running Kologomorov-Smirnov Test to Check If data belong to the same distribution
[2023-10-06 21:50:28,823] 68 root - INFO - Running Kologomorov-Smirnov Test to Check If data belong to the same distribution
[2023-10-06 21:50:28,846] 68 root - INFO - Running Kologomorov-Smirnov Test to Check If data belong to the same distribution
[2023-10-06 21:50:28,902] 68 root - INFO - Running Kologomorov-Smirnov Test to Check If data belong to the same distribution
[2023-10-06 21:50:28,953] 68 root - INFO - Running Kologomorov-Smirnov Test to Check If data belong to the same distribution
[2023-10-06 21:50:29,010] 68 root - INFO - Running Kologomorov-Smirnov Test to Check If data belong to the same distribution
[2023-10-06 21:50:29,065] 68 root - INFO - Running Kologomorov-Smirnov Test to Check If data belong to the same distribution
[2023-10-06 21:50:29,127] 68 root - INFO - Running Kologomorov-Smirnov Test to Check If data belong to the same distribution
[2023-10-06 21:50:29,186] 68 root - INFO - Running Kologomorov-Smirnov Test to Check If data belong to the same distribution
[2023-10-06 21:50:29,250] 68 root - INFO - Running Kologomorov-Smirnov Test to Check If data belong to the same distribution
[2023-10-06 21:50:29,305] 68 root - INFO - Running Kologomorov-Smirnov Test to Check If data belong to the same distribution
[2023-10-06 21:50:29,358] 68 root - INFO - Running Kologomorov-Smirnov Test to Check If data belong to the same distribution
[2023-10-06 21:50:29,400] 68 root - INFO - Running Kologomorov-Smirnov Test to Check If data belong to the same distribution
[2023-10-06 21:50:29,445] 68 root - INFO - Running Kologomorov-Smirnov Test to Check If data belong to the same distribution
[2023-10-06 21:50:29,491] 68 root - INFO - Running Kologomorov-Smirnov Test to Check If data belong to the same distribution
[2023-10-06 21:50:29,541] 68 root - INFO - Running Kologomorov-Smirnov Test to Check If data belong to the same distribution
[2023-10-06 21:50:29,592] 68 root - INFO - Running Kologomorov-Smirnov Test to Check If data belong to the same distribution
[2023-10-06 21:50:29,635] 68 root - INFO - Running Kologomorov-Smirnov Test to Check If data belong to the same distribution
[2023-10-06 21:50:29,680] 68 root - INFO - Running Kologomorov-Smirnov Test to Check If data belong to the same distribution
[2023-10-06 21:50:29,716] 68 root - INFO - Running Kologomorov-Smirnov Test to Check If data belong to the same distribution
[2023-10-06 21:50:29,755] 68 root - INFO - Running Kologomorov-Smirnov Test to Check If data belong to the same distribution
[2023-10-06 21:50:29,802] 68 root - INFO - Running Kologomorov-Smirnov Test to Check If data belong to the same distribution
[2023-10-06 21:50:29,856] 68 root - INFO - Running Kologomorov-Smirnov Test to Check If data belong to the same distribution
[2023-10-06 21:50:29,905] 68 root - INFO - Running Kologomorov-Smirnov Test to Check If data belong to the same distribution
[2023-10-06 21:50:29,942] 68 root - INFO - Running Kologomorov-Smirnov Test to Check If data belong to the same distribution
[2023-10-06 21:50:29,979] 68 root - INFO - Running Kologomorov-Smirnov Test to Check If data belong to the same distribution
[2023-10-06 21:50:30,022] 68 root - INFO - Running Kologomorov-Smirnov Test to Check If data belong to the same distribution
[2023-10-06 21:50:30,069] 68 root - INFO - Running Kologomorov-Smirnov Test to Check If data belong to the same distribution
[2023-10-06 21:50:30,116] 68 root - INFO - Running Kologomorov-Smirnov Test to Check If data belong to the same distribution
[2023-10-06 21:50:30,163] 68 root - INFO - Running Kologomorov-Smirnov Test to Check If data belong to the same distribution
[2023-10-06 21:50:30,218] 68 root - INFO - Running Kologomorov-Smirnov Test to Check If data belong to the same distribution
[2023-10-06 21:50:30,277] 68 root - INFO - Running Kologomorov-Smirnov Test to Check If data belong to the same distribution
[2023-10-06 21:50:30,346] 68 root - INFO - Running Kologomorov-Smirnov Test to Check If data belong to the same distribution
[2023-10-06 21:50:30,402] 68 root - INFO - Running Kologomorov-Smirnov Test to Check If data belong to the same distribution
[2023-10-06 21:50:30,472] 68 root - INFO - Running Kologomorov-Smirnov Test to Check If data belong to the same distribution
[2023-10-06 21:50:30,518] 68 root - INFO - Running Kologomorov-Smirnov Test to Check If data belong to the same distribution
[2023-10-06 21:50:30,561] 68 root - INFO - Running Kologomorov-Smirnov Test to Check If data belong to the same distribution
[2023-10-06 21:50:30,617] 68 root - INFO - Running Kologomorov-Smirnov Test to Check If data belong to the same distribution
[2023-10-06 21:50:30,671] 68 root - INFO - Running Kologomorov-Smirnov Test to Check If data belong to the same distribution
[2023-10-06 21:50:30,728] 68 root - INFO - Running Kologomorov-Smirnov Test to Check If data belong to the same distribution
[2023-10-06 21:50:30,783] 68 root - INFO - Running Kologomorov-Smirnov Test to Check If data belong to the same distribution
[2023-10-06 21:50:30,833] 68 root - INFO - Running Kologomorov-Smirnov Test to Check If data belong to the same distribution
[2023-10-06 21:50:30,903] 68 root - INFO - Running Kologomorov-Smirnov Test to Check If data belong to the same distribution
[2023-10-06 21:50:30,959] 68 root - INFO - Running Kologomorov-Smirnov Test to Check If data belong to the same distribution
[2023-10-06 21:50:31,026] 68 root - INFO - Running Kologomorov-Smirnov Test to Check If data belong to the same distribution
[2023-10-06 21:50:31,095] 68 root - INFO - Running Kologomorov-Smirnov Test to Check If data belong to the same distribution
[2023-10-06 21:50:31,159] 68 root - INFO - Running Kologomorov-Smirnov Test to Check If data belong to the same distribution
[2023-10-06 21:50:31,211] 68 root - INFO - Running Kologomorov-Smirnov Test to Check If data belong to the same distribution
[2023-10-06 21:50:31,268] 68 root - INFO - Running Kologomorov-Smirnov Test to Check If data belong to the same distribution
[2023-10-06 21:50:31,331] 68 root - INFO - Running Kologomorov-Smirnov Test to Check If data belong to the same distribution
[2023-10-06 21:50:31,390] 68 root - INFO - Running Kologomorov-Smirnov Test to Check If data belong to the same distribution
[2023-10-06 21:50:31,448] 68 root - INFO - Running Kologomorov-Smirnov Test to Check If data belong to the same distribution
[2023-10-06 21:50:31,505] 68 root - INFO - Running Kologomorov-Smirnov Test to Check If data belong to the same distribution
[2023-10-06 21:50:31,563] 68 root - INFO - Running Kologomorov-Smirnov Test to Check If data belong to the same distribution
[2023-10-06 21:50:31,623] 68 root - INFO - Running Kologomorov-Smirnov Test to Check If data belong to the same distribution
[2023-10-06 21:50:31,680] 68 root - INFO - Running Kologomorov-Smirnov Test to Check If data belong to the same distribution
[2023-10-06 21:50:31,729] 68 root - INFO - Running Kologomorov-Smirnov Test to Check If data belong to the same distribution
[2023-10-06 21:50:31,782] 68 root - INFO - Running Kologomorov-Smirnov Test to Check If data belong to the same distribution
[2023-10-06 21:50:31,823] 68 root - INFO - Running Kologomorov-Smirnov Test to Check If data belong to the same distribution
[2023-10-06 21:50:31,867] 110 root - INFO - Generating Validation Reports
[2023-10-06 21:50:31,949] 22 root - INFO - Error Occured in Python Script:[C:\Users\nikhi\sensor-fault-classifier\src\components\data_validation.py], LineNumber: [113], Error Message:[name 'data_validation_artifact' is not defined]
