[2023-10-06 21:51:35,382] 5 root - INFO - Loading Enviroment Variables ...
[2023-10-06 21:51:35,861] 160 numexpr.utils - INFO - NumExpr defaulting to 8 threads.
[2023-10-06 21:51:37,149] 16 root - INFO - ********************Data Ingestion Loading********************
[2023-10-06 21:51:37,149] 25 root - INFO - Initiate Data Ingestion, Exporting Data as a Dataframe...
[2023-10-06 21:51:37,149] 14 root - INFO - Reading Data From DataBase: aps, accessing Collection: sensor
[2023-10-06 21:51:40,302] 16 root - INFO - Shape of the Dataset: (36188, 172)
[2023-10-06 21:51:40,500] 33 root - INFO - Save Data into Raw Data
[2023-10-06 21:51:40,504] 36 root - INFO - Raw Data Directory Initialised
[2023-10-06 21:51:41,646] 40 root - INFO - >>>Data Segregation Process Initiated<<<
[2023-10-06 21:51:41,930] 46 root - INFO - Save Training and Testing Datasets
[2023-10-06 21:51:43,217] 57 root - INFO - Data Ingestion artifact: DataIngestionArtifact(raw_data_dir='C:\\Users\\nikhi\\sensor-fault-classifier\\artifact\\10062023_215137\\data_ingestion\\raw_data\\raw_data.csv', train_data_dir='C:\\Users\\nikhi\\sensor-fault-classifier\\artifact\\10062023_215137\\data_ingestion\\dataset\\train.csv', test_data_dir='C:\\Users\\nikhi\\sensor-fault-classifier\\artifact\\10062023_215137\\data_ingestion\\dataset\\test.csv')
[2023-10-06 21:51:43,565] 17 root - INFO - ********************Data Validation Loading********************
[2023-10-06 21:51:43,565] 89 root - INFO - Reading the Base Dataset, Treating for Missing Values
[2023-10-06 21:51:45,307] 28 root - INFO - Selecting Columns with Missing values above 2.0% Threshold
[2023-10-06 21:51:46,615] 28 root - INFO - Selecting Columns with Missing values above 2.0% Threshold
[2023-10-06 21:51:46,697] 28 root - INFO - Selecting Columns with Missing values above 2.0% Threshold
[2023-10-06 21:51:46,711] 68 root - INFO - Running Kologomorov-Smirnov Test to Check If data belong to the same distribution
[2023-10-06 21:51:46,790] 68 root - INFO - Running Kologomorov-Smirnov Test to Check If data belong to the same distribution
[2023-10-06 21:51:46,801] 68 root - INFO - Running Kologomorov-Smirnov Test to Check If data belong to the same distribution
[2023-10-06 21:51:46,836] 68 root - INFO - Running Kologomorov-Smirnov Test to Check If data belong to the same distribution
[2023-10-06 21:51:46,942] 68 root - INFO - Running Kologomorov-Smirnov Test to Check If data belong to the same distribution
[2023-10-06 21:51:47,055] 68 root - INFO - Running Kologomorov-Smirnov Test to Check If data belong to the same distribution
[2023-10-06 21:51:47,141] 68 root - INFO - Running Kologomorov-Smirnov Test to Check If data belong to the same distribution
[2023-10-06 21:51:47,250] 68 root - INFO - Running Kologomorov-Smirnov Test to Check If data belong to the same distribution
[2023-10-06 21:51:47,321] 68 root - INFO - Running Kologomorov-Smirnov Test to Check If data belong to the same distribution
[2023-10-06 21:51:47,393] 68 root - INFO - Running Kologomorov-Smirnov Test to Check If data belong to the same distribution
[2023-10-06 21:51:47,479] 68 root - INFO - Running Kologomorov-Smirnov Test to Check If data belong to the same distribution
[2023-10-06 21:51:47,593] 68 root - INFO - Running Kologomorov-Smirnov Test to Check If data belong to the same distribution
[2023-10-06 21:51:47,727] 68 root - INFO - Running Kologomorov-Smirnov Test to Check If data belong to the same distribution
[2023-10-06 21:51:47,844] 68 root - INFO - Running Kologomorov-Smirnov Test to Check If data belong to the same distribution
[2023-10-06 21:51:47,974] 68 root - INFO - Running Kologomorov-Smirnov Test to Check If data belong to the same distribution
[2023-10-06 21:51:48,075] 68 root - INFO - Running Kologomorov-Smirnov Test to Check If data belong to the same distribution
[2023-10-06 21:51:48,198] 68 root - INFO - Running Kologomorov-Smirnov Test to Check If data belong to the same distribution
[2023-10-06 21:51:48,313] 68 root - INFO - Running Kologomorov-Smirnov Test to Check If data belong to the same distribution
[2023-10-06 21:51:48,428] 68 root - INFO - Running Kologomorov-Smirnov Test to Check If data belong to the same distribution
[2023-10-06 21:51:48,526] 68 root - INFO - Running Kologomorov-Smirnov Test to Check If data belong to the same distribution
[2023-10-06 21:51:48,593] 68 root - INFO - Running Kologomorov-Smirnov Test to Check If data belong to the same distribution
[2023-10-06 21:51:48,672] 68 root - INFO - Running Kologomorov-Smirnov Test to Check If data belong to the same distribution
[2023-10-06 21:51:48,775] 68 root - INFO - Running Kologomorov-Smirnov Test to Check If data belong to the same distribution
[2023-10-06 21:51:48,868] 68 root - INFO - Running Kologomorov-Smirnov Test to Check If data belong to the same distribution
[2023-10-06 21:51:48,970] 68 root - INFO - Running Kologomorov-Smirnov Test to Check If data belong to the same distribution
[2023-10-06 21:51:49,069] 68 root - INFO - Running Kologomorov-Smirnov Test to Check If data belong to the same distribution
[2023-10-06 21:51:49,174] 68 root - INFO - Running Kologomorov-Smirnov Test to Check If data belong to the same distribution
[2023-10-06 21:51:49,281] 68 root - INFO - Running Kologomorov-Smirnov Test to Check If data belong to the same distribution
[2023-10-06 21:51:49,361] 68 root - INFO - Running Kologomorov-Smirnov Test to Check If data belong to the same distribution
[2023-10-06 21:51:49,448] 68 root - INFO - Running Kologomorov-Smirnov Test to Check If data belong to the same distribution
[2023-10-06 21:51:49,557] 68 root - INFO - Running Kologomorov-Smirnov Test to Check If data belong to the same distribution
[2023-10-06 21:51:49,642] 68 root - INFO - Running Kologomorov-Smirnov Test to Check If data belong to the same distribution
[2023-10-06 21:51:49,758] 68 root - INFO - Running Kologomorov-Smirnov Test to Check If data belong to the same distribution
[2023-10-06 21:51:49,855] 68 root - INFO - Running Kologomorov-Smirnov Test to Check If data belong to the same distribution
[2023-10-06 21:51:49,943] 68 root - INFO - Running Kologomorov-Smirnov Test to Check If data belong to the same distribution
[2023-10-06 21:51:50,023] 68 root - INFO - Running Kologomorov-Smirnov Test to Check If data belong to the same distribution
[2023-10-06 21:51:50,093] 68 root - INFO - Running Kologomorov-Smirnov Test to Check If data belong to the same distribution
[2023-10-06 21:51:50,165] 68 root - INFO - Running Kologomorov-Smirnov Test to Check If data belong to the same distribution
[2023-10-06 21:51:50,257] 68 root - INFO - Running Kologomorov-Smirnov Test to Check If data belong to the same distribution
[2023-10-06 21:51:50,359] 68 root - INFO - Running Kologomorov-Smirnov Test to Check If data belong to the same distribution
[2023-10-06 21:51:50,490] 68 root - INFO - Running Kologomorov-Smirnov Test to Check If data belong to the same distribution
[2023-10-06 21:51:50,606] 68 root - INFO - Running Kologomorov-Smirnov Test to Check If data belong to the same distribution
[2023-10-06 21:51:50,717] 68 root - INFO - Running Kologomorov-Smirnov Test to Check If data belong to the same distribution
[2023-10-06 21:51:50,788] 68 root - INFO - Running Kologomorov-Smirnov Test to Check If data belong to the same distribution
[2023-10-06 21:51:50,881] 68 root - INFO - Running Kologomorov-Smirnov Test to Check If data belong to the same distribution
[2023-10-06 21:51:50,970] 68 root - INFO - Running Kologomorov-Smirnov Test to Check If data belong to the same distribution
[2023-10-06 21:51:51,059] 68 root - INFO - Running Kologomorov-Smirnov Test to Check If data belong to the same distribution
[2023-10-06 21:51:51,159] 68 root - INFO - Running Kologomorov-Smirnov Test to Check If data belong to the same distribution
[2023-10-06 21:51:51,276] 68 root - INFO - Running Kologomorov-Smirnov Test to Check If data belong to the same distribution
[2023-10-06 21:51:51,373] 68 root - INFO - Running Kologomorov-Smirnov Test to Check If data belong to the same distribution
[2023-10-06 21:51:51,472] 68 root - INFO - Running Kologomorov-Smirnov Test to Check If data belong to the same distribution
[2023-10-06 21:51:51,562] 68 root - INFO - Running Kologomorov-Smirnov Test to Check If data belong to the same distribution
[2023-10-06 21:51:51,655] 68 root - INFO - Running Kologomorov-Smirnov Test to Check If data belong to the same distribution
[2023-10-06 21:51:51,749] 68 root - INFO - Running Kologomorov-Smirnov Test to Check If data belong to the same distribution
[2023-10-06 21:51:51,846] 68 root - INFO - Running Kologomorov-Smirnov Test to Check If data belong to the same distribution
[2023-10-06 21:51:51,961] 68 root - INFO - Running Kologomorov-Smirnov Test to Check If data belong to the same distribution
[2023-10-06 21:51:52,083] 68 root - INFO - Running Kologomorov-Smirnov Test to Check If data belong to the same distribution
[2023-10-06 21:51:52,189] 68 root - INFO - Running Kologomorov-Smirnov Test to Check If data belong to the same distribution
[2023-10-06 21:51:52,283] 68 root - INFO - Running Kologomorov-Smirnov Test to Check If data belong to the same distribution
[2023-10-06 21:51:52,391] 68 root - INFO - Running Kologomorov-Smirnov Test to Check If data belong to the same distribution
[2023-10-06 21:51:52,516] 68 root - INFO - Running Kologomorov-Smirnov Test to Check If data belong to the same distribution
[2023-10-06 21:51:52,621] 68 root - INFO - Running Kologomorov-Smirnov Test to Check If data belong to the same distribution
[2023-10-06 21:51:52,714] 68 root - INFO - Running Kologomorov-Smirnov Test to Check If data belong to the same distribution
[2023-10-06 21:51:52,805] 68 root - INFO - Running Kologomorov-Smirnov Test to Check If data belong to the same distribution
[2023-10-06 21:51:52,914] 68 root - INFO - Running Kologomorov-Smirnov Test to Check If data belong to the same distribution
[2023-10-06 21:51:53,009] 68 root - INFO - Running Kologomorov-Smirnov Test to Check If data belong to the same distribution
[2023-10-06 21:51:53,090] 68 root - INFO - Running Kologomorov-Smirnov Test to Check If data belong to the same distribution
[2023-10-06 21:51:53,171] 68 root - INFO - Running Kologomorov-Smirnov Test to Check If data belong to the same distribution
[2023-10-06 21:51:53,247] 68 root - INFO - Running Kologomorov-Smirnov Test to Check If data belong to the same distribution
[2023-10-06 21:51:53,343] 68 root - INFO - Running Kologomorov-Smirnov Test to Check If data belong to the same distribution
[2023-10-06 21:51:53,440] 68 root - INFO - Running Kologomorov-Smirnov Test to Check If data belong to the same distribution
[2023-10-06 21:51:53,538] 68 root - INFO - Running Kologomorov-Smirnov Test to Check If data belong to the same distribution
[2023-10-06 21:51:53,633] 68 root - INFO - Running Kologomorov-Smirnov Test to Check If data belong to the same distribution
[2023-10-06 21:51:53,705] 68 root - INFO - Running Kologomorov-Smirnov Test to Check If data belong to the same distribution
[2023-10-06 21:51:53,773] 68 root - INFO - Running Kologomorov-Smirnov Test to Check If data belong to the same distribution
[2023-10-06 21:51:53,826] 68 root - INFO - Running Kologomorov-Smirnov Test to Check If data belong to the same distribution
[2023-10-06 21:51:53,869] 68 root - INFO - Running Kologomorov-Smirnov Test to Check If data belong to the same distribution
[2023-10-06 21:51:53,910] 68 root - INFO - Running Kologomorov-Smirnov Test to Check If data belong to the same distribution
[2023-10-06 21:51:53,948] 68 root - INFO - Running Kologomorov-Smirnov Test to Check If data belong to the same distribution
[2023-10-06 21:51:53,986] 68 root - INFO - Running Kologomorov-Smirnov Test to Check If data belong to the same distribution
[2023-10-06 21:51:54,021] 68 root - INFO - Running Kologomorov-Smirnov Test to Check If data belong to the same distribution
[2023-10-06 21:51:54,113] 68 root - INFO - Running Kologomorov-Smirnov Test to Check If data belong to the same distribution
[2023-10-06 21:51:54,210] 68 root - INFO - Running Kologomorov-Smirnov Test to Check If data belong to the same distribution
[2023-10-06 21:51:54,315] 68 root - INFO - Running Kologomorov-Smirnov Test to Check If data belong to the same distribution
[2023-10-06 21:51:54,411] 68 root - INFO - Running Kologomorov-Smirnov Test to Check If data belong to the same distribution
[2023-10-06 21:51:54,516] 68 root - INFO - Running Kologomorov-Smirnov Test to Check If data belong to the same distribution
[2023-10-06 21:51:54,607] 68 root - INFO - Running Kologomorov-Smirnov Test to Check If data belong to the same distribution
[2023-10-06 21:51:54,696] 68 root - INFO - Running Kologomorov-Smirnov Test to Check If data belong to the same distribution
[2023-10-06 21:51:54,793] 68 root - INFO - Running Kologomorov-Smirnov Test to Check If data belong to the same distribution
[2023-10-06 21:51:54,912] 68 root - INFO - Running Kologomorov-Smirnov Test to Check If data belong to the same distribution
[2023-10-06 21:51:55,034] 68 root - INFO - Running Kologomorov-Smirnov Test to Check If data belong to the same distribution
[2023-10-06 21:51:55,121] 68 root - INFO - Running Kologomorov-Smirnov Test to Check If data belong to the same distribution
[2023-10-06 21:51:55,212] 68 root - INFO - Running Kologomorov-Smirnov Test to Check If data belong to the same distribution
[2023-10-06 21:51:55,275] 68 root - INFO - Running Kologomorov-Smirnov Test to Check If data belong to the same distribution
[2023-10-06 21:51:55,342] 68 root - INFO - Running Kologomorov-Smirnov Test to Check If data belong to the same distribution
[2023-10-06 21:51:55,421] 68 root - INFO - Running Kologomorov-Smirnov Test to Check If data belong to the same distribution
[2023-10-06 21:51:55,547] 68 root - INFO - Running Kologomorov-Smirnov Test to Check If data belong to the same distribution
[2023-10-06 21:51:55,653] 68 root - INFO - Running Kologomorov-Smirnov Test to Check If data belong to the same distribution
[2023-10-06 21:51:55,780] 68 root - INFO - Running Kologomorov-Smirnov Test to Check If data belong to the same distribution
[2023-10-06 21:51:55,870] 68 root - INFO - Running Kologomorov-Smirnov Test to Check If data belong to the same distribution
[2023-10-06 21:51:55,968] 68 root - INFO - Running Kologomorov-Smirnov Test to Check If data belong to the same distribution
[2023-10-06 21:51:56,062] 68 root - INFO - Running Kologomorov-Smirnov Test to Check If data belong to the same distribution
[2023-10-06 21:51:56,170] 68 root - INFO - Running Kologomorov-Smirnov Test to Check If data belong to the same distribution
[2023-10-06 21:51:56,274] 68 root - INFO - Running Kologomorov-Smirnov Test to Check If data belong to the same distribution
[2023-10-06 21:51:56,407] 68 root - INFO - Running Kologomorov-Smirnov Test to Check If data belong to the same distribution
[2023-10-06 21:51:56,557] 68 root - INFO - Running Kologomorov-Smirnov Test to Check If data belong to the same distribution
[2023-10-06 21:51:56,722] 68 root - INFO - Running Kologomorov-Smirnov Test to Check If data belong to the same distribution
[2023-10-06 21:51:56,862] 68 root - INFO - Running Kologomorov-Smirnov Test to Check If data belong to the same distribution
[2023-10-06 21:51:57,008] 68 root - INFO - Running Kologomorov-Smirnov Test to Check If data belong to the same distribution
[2023-10-06 21:51:57,118] 68 root - INFO - Running Kologomorov-Smirnov Test to Check If data belong to the same distribution
[2023-10-06 21:51:57,215] 68 root - INFO - Running Kologomorov-Smirnov Test to Check If data belong to the same distribution
[2023-10-06 21:51:57,303] 68 root - INFO - Running Kologomorov-Smirnov Test to Check If data belong to the same distribution
[2023-10-06 21:51:57,426] 68 root - INFO - Running Kologomorov-Smirnov Test to Check If data belong to the same distribution
[2023-10-06 21:51:57,607] 68 root - INFO - Running Kologomorov-Smirnov Test to Check If data belong to the same distribution
[2023-10-06 21:51:57,679] 68 root - INFO - Running Kologomorov-Smirnov Test to Check If data belong to the same distribution
[2023-10-06 21:51:57,813] 68 root - INFO - Running Kologomorov-Smirnov Test to Check If data belong to the same distribution
[2023-10-06 21:51:57,923] 68 root - INFO - Running Kologomorov-Smirnov Test to Check If data belong to the same distribution
[2023-10-06 21:51:58,036] 68 root - INFO - Running Kologomorov-Smirnov Test to Check If data belong to the same distribution
[2023-10-06 21:51:58,141] 68 root - INFO - Running Kologomorov-Smirnov Test to Check If data belong to the same distribution
[2023-10-06 21:51:58,262] 68 root - INFO - Running Kologomorov-Smirnov Test to Check If data belong to the same distribution
[2023-10-06 21:51:58,372] 68 root - INFO - Running Kologomorov-Smirnov Test to Check If data belong to the same distribution
[2023-10-06 21:51:58,505] 68 root - INFO - Running Kologomorov-Smirnov Test to Check If data belong to the same distribution
[2023-10-06 21:51:58,638] 68 root - INFO - Running Kologomorov-Smirnov Test to Check If data belong to the same distribution
[2023-10-06 21:51:58,760] 68 root - INFO - Running Kologomorov-Smirnov Test to Check If data belong to the same distribution
[2023-10-06 21:51:58,865] 68 root - INFO - Running Kologomorov-Smirnov Test to Check If data belong to the same distribution
[2023-10-06 21:51:58,970] 68 root - INFO - Running Kologomorov-Smirnov Test to Check If data belong to the same distribution
[2023-10-06 21:51:59,051] 68 root - INFO - Running Kologomorov-Smirnov Test to Check If data belong to the same distribution
[2023-10-06 21:51:59,134] 68 root - INFO - Running Kologomorov-Smirnov Test to Check If data belong to the same distribution
[2023-10-06 21:51:59,213] 68 root - INFO - Running Kologomorov-Smirnov Test to Check If data belong to the same distribution
[2023-10-06 21:51:59,282] 68 root - INFO - Running Kologomorov-Smirnov Test to Check If data belong to the same distribution
[2023-10-06 21:51:59,374] 68 root - INFO - Running Kologomorov-Smirnov Test to Check If data belong to the same distribution
[2023-10-06 21:51:59,439] 68 root - INFO - Running Kologomorov-Smirnov Test to Check If data belong to the same distribution
[2023-10-06 21:51:59,510] 68 root - INFO - Running Kologomorov-Smirnov Test to Check If data belong to the same distribution
[2023-10-06 21:51:59,593] 68 root - INFO - Running Kologomorov-Smirnov Test to Check If data belong to the same distribution
[2023-10-06 21:51:59,681] 68 root - INFO - Running Kologomorov-Smirnov Test to Check If data belong to the same distribution
[2023-10-06 21:51:59,790] 68 root - INFO - Running Kologomorov-Smirnov Test to Check If data belong to the same distribution
[2023-10-06 21:51:59,889] 68 root - INFO - Running Kologomorov-Smirnov Test to Check If data belong to the same distribution
[2023-10-06 21:52:00,006] 68 root - INFO - Running Kologomorov-Smirnov Test to Check If data belong to the same distribution
[2023-10-06 21:52:00,121] 68 root - INFO - Running Kologomorov-Smirnov Test to Check If data belong to the same distribution
[2023-10-06 21:52:00,236] 68 root - INFO - Running Kologomorov-Smirnov Test to Check If data belong to the same distribution
[2023-10-06 21:52:00,347] 68 root - INFO - Running Kologomorov-Smirnov Test to Check If data belong to the same distribution
[2023-10-06 21:52:00,451] 68 root - INFO - Running Kologomorov-Smirnov Test to Check If data belong to the same distribution
[2023-10-06 21:52:00,569] 68 root - INFO - Running Kologomorov-Smirnov Test to Check If data belong to the same distribution
[2023-10-06 21:52:00,658] 68 root - INFO - Running Kologomorov-Smirnov Test to Check If data belong to the same distribution
[2023-10-06 21:52:00,788] 68 root - INFO - Running Kologomorov-Smirnov Test to Check If data belong to the same distribution
[2023-10-06 21:52:00,898] 68 root - INFO - Running Kologomorov-Smirnov Test to Check If data belong to the same distribution
[2023-10-06 21:52:01,011] 68 root - INFO - Running Kologomorov-Smirnov Test to Check If data belong to the same distribution
[2023-10-06 21:52:01,113] 68 root - INFO - Running Kologomorov-Smirnov Test to Check If data belong to the same distribution
[2023-10-06 21:52:01,222] 68 root - INFO - Running Kologomorov-Smirnov Test to Check If data belong to the same distribution
[2023-10-06 21:52:01,355] 68 root - INFO - Running Kologomorov-Smirnov Test to Check If data belong to the same distribution
[2023-10-06 21:52:01,474] 68 root - INFO - Running Kologomorov-Smirnov Test to Check If data belong to the same distribution
[2023-10-06 21:52:01,595] 68 root - INFO - Running Kologomorov-Smirnov Test to Check If data belong to the same distribution
[2023-10-06 21:52:01,716] 68 root - INFO - Running Kologomorov-Smirnov Test to Check If data belong to the same distribution
[2023-10-06 21:52:01,829] 68 root - INFO - Running Kologomorov-Smirnov Test to Check If data belong to the same distribution
[2023-10-06 21:52:01,958] 68 root - INFO - Running Kologomorov-Smirnov Test to Check If data belong to the same distribution
[2023-10-06 21:52:02,081] 68 root - INFO - Running Kologomorov-Smirnov Test to Check If data belong to the same distribution
[2023-10-06 21:52:02,165] 68 root - INFO - Running Kologomorov-Smirnov Test to Check If data belong to the same distribution
[2023-10-06 21:52:02,249] 68 root - INFO - Running Kologomorov-Smirnov Test to Check If data belong to the same distribution
[2023-10-06 21:52:02,391] 68 root - INFO - Running Kologomorov-Smirnov Test to Check If data belong to the same distribution
[2023-10-06 21:52:02,481] 68 root - INFO - Running Kologomorov-Smirnov Test to Check If data belong to the same distribution
[2023-10-06 21:52:02,579] 68 root - INFO - Running Kologomorov-Smirnov Test to Check If data belong to the same distribution
[2023-10-06 21:52:02,697] 68 root - INFO - Running Kologomorov-Smirnov Test to Check If data belong to the same distribution
[2023-10-06 21:52:02,851] 68 root - INFO - Running Kologomorov-Smirnov Test to Check If data belong to the same distribution
[2023-10-06 21:52:02,994] 68 root - INFO - Running Kologomorov-Smirnov Test to Check If data belong to the same distribution
[2023-10-06 21:52:03,128] 68 root - INFO - Running Kologomorov-Smirnov Test to Check If data belong to the same distribution
[2023-10-06 21:52:03,273] 68 root - INFO - Running Kologomorov-Smirnov Test to Check If data belong to the same distribution
[2023-10-06 21:52:03,416] 68 root - INFO - Running Kologomorov-Smirnov Test to Check If data belong to the same distribution
[2023-10-06 21:52:03,575] 68 root - INFO - Running Kologomorov-Smirnov Test to Check If data belong to the same distribution
[2023-10-06 21:52:03,689] 68 root - INFO - Running Kologomorov-Smirnov Test to Check If data belong to the same distribution
[2023-10-06 21:52:03,788] 68 root - INFO - Running Kologomorov-Smirnov Test to Check If data belong to the same distribution
[2023-10-06 21:52:03,879] 68 root - INFO - Running Kologomorov-Smirnov Test to Check If data belong to the same distribution
[2023-10-06 21:52:03,969] 68 root - INFO - Running Kologomorov-Smirnov Test to Check If data belong to the same distribution
[2023-10-06 21:52:04,020] 68 root - INFO - Running Kologomorov-Smirnov Test to Check If data belong to the same distribution
[2023-10-06 21:52:04,027] 68 root - INFO - Running Kologomorov-Smirnov Test to Check If data belong to the same distribution
[2023-10-06 21:52:04,052] 68 root - INFO - Running Kologomorov-Smirnov Test to Check If data belong to the same distribution
[2023-10-06 21:52:04,127] 68 root - INFO - Running Kologomorov-Smirnov Test to Check If data belong to the same distribution
[2023-10-06 21:52:04,199] 68 root - INFO - Running Kologomorov-Smirnov Test to Check If data belong to the same distribution
[2023-10-06 21:52:04,266] 68 root - INFO - Running Kologomorov-Smirnov Test to Check If data belong to the same distribution
[2023-10-06 21:52:04,322] 68 root - INFO - Running Kologomorov-Smirnov Test to Check If data belong to the same distribution
[2023-10-06 21:52:04,371] 68 root - INFO - Running Kologomorov-Smirnov Test to Check If data belong to the same distribution
[2023-10-06 21:52:04,431] 68 root - INFO - Running Kologomorov-Smirnov Test to Check If data belong to the same distribution
[2023-10-06 21:52:04,479] 68 root - INFO - Running Kologomorov-Smirnov Test to Check If data belong to the same distribution
[2023-10-06 21:52:04,532] 68 root - INFO - Running Kologomorov-Smirnov Test to Check If data belong to the same distribution
[2023-10-06 21:52:04,587] 68 root - INFO - Running Kologomorov-Smirnov Test to Check If data belong to the same distribution
[2023-10-06 21:52:04,646] 68 root - INFO - Running Kologomorov-Smirnov Test to Check If data belong to the same distribution
[2023-10-06 21:52:04,706] 68 root - INFO - Running Kologomorov-Smirnov Test to Check If data belong to the same distribution
[2023-10-06 21:52:04,767] 68 root - INFO - Running Kologomorov-Smirnov Test to Check If data belong to the same distribution
[2023-10-06 21:52:04,826] 68 root - INFO - Running Kologomorov-Smirnov Test to Check If data belong to the same distribution
[2023-10-06 21:52:04,873] 68 root - INFO - Running Kologomorov-Smirnov Test to Check If data belong to the same distribution
[2023-10-06 21:52:04,949] 68 root - INFO - Running Kologomorov-Smirnov Test to Check If data belong to the same distribution
[2023-10-06 21:52:05,008] 68 root - INFO - Running Kologomorov-Smirnov Test to Check If data belong to the same distribution
[2023-10-06 21:52:05,090] 68 root - INFO - Running Kologomorov-Smirnov Test to Check If data belong to the same distribution
[2023-10-06 21:52:05,157] 68 root - INFO - Running Kologomorov-Smirnov Test to Check If data belong to the same distribution
[2023-10-06 21:52:05,216] 68 root - INFO - Running Kologomorov-Smirnov Test to Check If data belong to the same distribution
[2023-10-06 21:52:05,271] 68 root - INFO - Running Kologomorov-Smirnov Test to Check If data belong to the same distribution
[2023-10-06 21:52:05,327] 68 root - INFO - Running Kologomorov-Smirnov Test to Check If data belong to the same distribution
[2023-10-06 21:52:05,385] 68 root - INFO - Running Kologomorov-Smirnov Test to Check If data belong to the same distribution
[2023-10-06 21:52:05,442] 68 root - INFO - Running Kologomorov-Smirnov Test to Check If data belong to the same distribution
[2023-10-06 21:52:05,497] 68 root - INFO - Running Kologomorov-Smirnov Test to Check If data belong to the same distribution
[2023-10-06 21:52:05,537] 68 root - INFO - Running Kologomorov-Smirnov Test to Check If data belong to the same distribution
[2023-10-06 21:52:05,578] 68 root - INFO - Running Kologomorov-Smirnov Test to Check If data belong to the same distribution
[2023-10-06 21:52:05,621] 68 root - INFO - Running Kologomorov-Smirnov Test to Check If data belong to the same distribution
[2023-10-06 21:52:05,659] 68 root - INFO - Running Kologomorov-Smirnov Test to Check If data belong to the same distribution
[2023-10-06 21:52:05,716] 68 root - INFO - Running Kologomorov-Smirnov Test to Check If data belong to the same distribution
[2023-10-06 21:52:05,770] 68 root - INFO - Running Kologomorov-Smirnov Test to Check If data belong to the same distribution
[2023-10-06 21:52:05,810] 68 root - INFO - Running Kologomorov-Smirnov Test to Check If data belong to the same distribution
[2023-10-06 21:52:05,852] 68 root - INFO - Running Kologomorov-Smirnov Test to Check If data belong to the same distribution
[2023-10-06 21:52:05,901] 68 root - INFO - Running Kologomorov-Smirnov Test to Check If data belong to the same distribution
[2023-10-06 21:52:05,953] 68 root - INFO - Running Kologomorov-Smirnov Test to Check If data belong to the same distribution
[2023-10-06 21:52:06,007] 68 root - INFO - Running Kologomorov-Smirnov Test to Check If data belong to the same distribution
[2023-10-06 21:52:06,072] 68 root - INFO - Running Kologomorov-Smirnov Test to Check If data belong to the same distribution
[2023-10-06 21:52:06,197] 68 root - INFO - Running Kologomorov-Smirnov Test to Check If data belong to the same distribution
[2023-10-06 21:52:06,291] 68 root - INFO - Running Kologomorov-Smirnov Test to Check If data belong to the same distribution
[2023-10-06 21:52:06,361] 68 root - INFO - Running Kologomorov-Smirnov Test to Check If data belong to the same distribution
[2023-10-06 21:52:06,408] 68 root - INFO - Running Kologomorov-Smirnov Test to Check If data belong to the same distribution
[2023-10-06 21:52:06,505] 68 root - INFO - Running Kologomorov-Smirnov Test to Check If data belong to the same distribution
[2023-10-06 21:52:06,596] 68 root - INFO - Running Kologomorov-Smirnov Test to Check If data belong to the same distribution
[2023-10-06 21:52:06,661] 68 root - INFO - Running Kologomorov-Smirnov Test to Check If data belong to the same distribution
[2023-10-06 21:52:06,722] 68 root - INFO - Running Kologomorov-Smirnov Test to Check If data belong to the same distribution
[2023-10-06 21:52:06,791] 68 root - INFO - Running Kologomorov-Smirnov Test to Check If data belong to the same distribution
[2023-10-06 21:52:06,860] 68 root - INFO - Running Kologomorov-Smirnov Test to Check If data belong to the same distribution
[2023-10-06 21:52:06,915] 68 root - INFO - Running Kologomorov-Smirnov Test to Check If data belong to the same distribution
[2023-10-06 21:52:06,998] 68 root - INFO - Running Kologomorov-Smirnov Test to Check If data belong to the same distribution
[2023-10-06 21:52:07,053] 68 root - INFO - Running Kologomorov-Smirnov Test to Check If data belong to the same distribution
[2023-10-06 21:52:07,105] 68 root - INFO - Running Kologomorov-Smirnov Test to Check If data belong to the same distribution
[2023-10-06 21:52:07,177] 68 root - INFO - Running Kologomorov-Smirnov Test to Check If data belong to the same distribution
[2023-10-06 21:52:07,250] 68 root - INFO - Running Kologomorov-Smirnov Test to Check If data belong to the same distribution
[2023-10-06 21:52:07,317] 68 root - INFO - Running Kologomorov-Smirnov Test to Check If data belong to the same distribution
[2023-10-06 21:52:07,386] 68 root - INFO - Running Kologomorov-Smirnov Test to Check If data belong to the same distribution
[2023-10-06 21:52:07,443] 68 root - INFO - Running Kologomorov-Smirnov Test to Check If data belong to the same distribution
[2023-10-06 21:52:07,507] 68 root - INFO - Running Kologomorov-Smirnov Test to Check If data belong to the same distribution
[2023-10-06 21:52:07,570] 68 root - INFO - Running Kologomorov-Smirnov Test to Check If data belong to the same distribution
[2023-10-06 21:52:07,626] 68 root - INFO - Running Kologomorov-Smirnov Test to Check If data belong to the same distribution
[2023-10-06 21:52:07,677] 68 root - INFO - Running Kologomorov-Smirnov Test to Check If data belong to the same distribution
[2023-10-06 21:52:07,722] 68 root - INFO - Running Kologomorov-Smirnov Test to Check If data belong to the same distribution
[2023-10-06 21:52:07,786] 68 root - INFO - Running Kologomorov-Smirnov Test to Check If data belong to the same distribution
[2023-10-06 21:52:07,840] 68 root - INFO - Running Kologomorov-Smirnov Test to Check If data belong to the same distribution
[2023-10-06 21:52:07,905] 68 root - INFO - Running Kologomorov-Smirnov Test to Check If data belong to the same distribution
[2023-10-06 21:52:07,970] 68 root - INFO - Running Kologomorov-Smirnov Test to Check If data belong to the same distribution
[2023-10-06 21:52:08,031] 68 root - INFO - Running Kologomorov-Smirnov Test to Check If data belong to the same distribution
[2023-10-06 21:52:08,109] 68 root - INFO - Running Kologomorov-Smirnov Test to Check If data belong to the same distribution
[2023-10-06 21:52:08,182] 68 root - INFO - Running Kologomorov-Smirnov Test to Check If data belong to the same distribution
[2023-10-06 21:52:08,261] 68 root - INFO - Running Kologomorov-Smirnov Test to Check If data belong to the same distribution
[2023-10-06 21:52:08,326] 68 root - INFO - Running Kologomorov-Smirnov Test to Check If data belong to the same distribution
[2023-10-06 21:52:08,369] 68 root - INFO - Running Kologomorov-Smirnov Test to Check If data belong to the same distribution
[2023-10-06 21:52:08,411] 68 root - INFO - Running Kologomorov-Smirnov Test to Check If data belong to the same distribution
[2023-10-06 21:52:08,441] 68 root - INFO - Running Kologomorov-Smirnov Test to Check If data belong to the same distribution
[2023-10-06 21:52:08,469] 68 root - INFO - Running Kologomorov-Smirnov Test to Check If data belong to the same distribution
[2023-10-06 21:52:08,495] 68 root - INFO - Running Kologomorov-Smirnov Test to Check If data belong to the same distribution
[2023-10-06 21:52:08,518] 68 root - INFO - Running Kologomorov-Smirnov Test to Check If data belong to the same distribution
[2023-10-06 21:52:08,543] 68 root - INFO - Running Kologomorov-Smirnov Test to Check If data belong to the same distribution
[2023-10-06 21:52:08,564] 68 root - INFO - Running Kologomorov-Smirnov Test to Check If data belong to the same distribution
[2023-10-06 21:52:08,619] 68 root - INFO - Running Kologomorov-Smirnov Test to Check If data belong to the same distribution
[2023-10-06 21:52:08,683] 68 root - INFO - Running Kologomorov-Smirnov Test to Check If data belong to the same distribution
[2023-10-06 21:52:08,741] 68 root - INFO - Running Kologomorov-Smirnov Test to Check If data belong to the same distribution
[2023-10-06 21:52:08,807] 68 root - INFO - Running Kologomorov-Smirnov Test to Check If data belong to the same distribution
[2023-10-06 21:52:08,870] 68 root - INFO - Running Kologomorov-Smirnov Test to Check If data belong to the same distribution
[2023-10-06 21:52:08,937] 68 root - INFO - Running Kologomorov-Smirnov Test to Check If data belong to the same distribution
[2023-10-06 21:52:08,999] 68 root - INFO - Running Kologomorov-Smirnov Test to Check If data belong to the same distribution
[2023-10-06 21:52:09,074] 68 root - INFO - Running Kologomorov-Smirnov Test to Check If data belong to the same distribution
[2023-10-06 21:52:09,141] 68 root - INFO - Running Kologomorov-Smirnov Test to Check If data belong to the same distribution
[2023-10-06 21:52:09,206] 68 root - INFO - Running Kologomorov-Smirnov Test to Check If data belong to the same distribution
[2023-10-06 21:52:09,246] 68 root - INFO - Running Kologomorov-Smirnov Test to Check If data belong to the same distribution
[2023-10-06 21:52:09,305] 68 root - INFO - Running Kologomorov-Smirnov Test to Check If data belong to the same distribution
[2023-10-06 21:52:09,345] 68 root - INFO - Running Kologomorov-Smirnov Test to Check If data belong to the same distribution
[2023-10-06 21:52:09,387] 68 root - INFO - Running Kologomorov-Smirnov Test to Check If data belong to the same distribution
[2023-10-06 21:52:09,422] 68 root - INFO - Running Kologomorov-Smirnov Test to Check If data belong to the same distribution
[2023-10-06 21:52:09,490] 68 root - INFO - Running Kologomorov-Smirnov Test to Check If data belong to the same distribution
[2023-10-06 21:52:09,540] 68 root - INFO - Running Kologomorov-Smirnov Test to Check If data belong to the same distribution
[2023-10-06 21:52:09,607] 68 root - INFO - Running Kologomorov-Smirnov Test to Check If data belong to the same distribution
[2023-10-06 21:52:09,656] 68 root - INFO - Running Kologomorov-Smirnov Test to Check If data belong to the same distribution
[2023-10-06 21:52:09,705] 68 root - INFO - Running Kologomorov-Smirnov Test to Check If data belong to the same distribution
[2023-10-06 21:52:09,752] 68 root - INFO - Running Kologomorov-Smirnov Test to Check If data belong to the same distribution
[2023-10-06 21:52:09,812] 68 root - INFO - Running Kologomorov-Smirnov Test to Check If data belong to the same distribution
[2023-10-06 21:52:09,868] 68 root - INFO - Running Kologomorov-Smirnov Test to Check If data belong to the same distribution
[2023-10-06 21:52:09,941] 68 root - INFO - Running Kologomorov-Smirnov Test to Check If data belong to the same distribution
[2023-10-06 21:52:10,001] 68 root - INFO - Running Kologomorov-Smirnov Test to Check If data belong to the same distribution
[2023-10-06 21:52:10,063] 68 root - INFO - Running Kologomorov-Smirnov Test to Check If data belong to the same distribution
[2023-10-06 21:52:10,121] 68 root - INFO - Running Kologomorov-Smirnov Test to Check If data belong to the same distribution
[2023-10-06 21:52:10,177] 68 root - INFO - Running Kologomorov-Smirnov Test to Check If data belong to the same distribution
[2023-10-06 21:52:10,227] 68 root - INFO - Running Kologomorov-Smirnov Test to Check If data belong to the same distribution
[2023-10-06 21:52:10,279] 68 root - INFO - Running Kologomorov-Smirnov Test to Check If data belong to the same distribution
[2023-10-06 21:52:10,327] 68 root - INFO - Running Kologomorov-Smirnov Test to Check If data belong to the same distribution
[2023-10-06 21:52:10,375] 68 root - INFO - Running Kologomorov-Smirnov Test to Check If data belong to the same distribution
[2023-10-06 21:52:10,431] 68 root - INFO - Running Kologomorov-Smirnov Test to Check If data belong to the same distribution
[2023-10-06 21:52:10,454] 68 root - INFO - Running Kologomorov-Smirnov Test to Check If data belong to the same distribution
[2023-10-06 21:52:10,519] 68 root - INFO - Running Kologomorov-Smirnov Test to Check If data belong to the same distribution
[2023-10-06 21:52:10,573] 68 root - INFO - Running Kologomorov-Smirnov Test to Check If data belong to the same distribution
[2023-10-06 21:52:10,627] 68 root - INFO - Running Kologomorov-Smirnov Test to Check If data belong to the same distribution
[2023-10-06 21:52:10,686] 68 root - INFO - Running Kologomorov-Smirnov Test to Check If data belong to the same distribution
[2023-10-06 21:52:10,745] 68 root - INFO - Running Kologomorov-Smirnov Test to Check If data belong to the same distribution
[2023-10-06 21:52:10,808] 68 root - INFO - Running Kologomorov-Smirnov Test to Check If data belong to the same distribution
[2023-10-06 21:52:10,866] 68 root - INFO - Running Kologomorov-Smirnov Test to Check If data belong to the same distribution
[2023-10-06 21:52:10,923] 68 root - INFO - Running Kologomorov-Smirnov Test to Check If data belong to the same distribution
[2023-10-06 21:52:10,973] 68 root - INFO - Running Kologomorov-Smirnov Test to Check If data belong to the same distribution
[2023-10-06 21:52:11,020] 68 root - INFO - Running Kologomorov-Smirnov Test to Check If data belong to the same distribution
[2023-10-06 21:52:11,069] 68 root - INFO - Running Kologomorov-Smirnov Test to Check If data belong to the same distribution
[2023-10-06 21:52:11,117] 68 root - INFO - Running Kologomorov-Smirnov Test to Check If data belong to the same distribution
[2023-10-06 21:52:11,170] 68 root - INFO - Running Kologomorov-Smirnov Test to Check If data belong to the same distribution
[2023-10-06 21:52:11,220] 68 root - INFO - Running Kologomorov-Smirnov Test to Check If data belong to the same distribution
[2023-10-06 21:52:11,257] 68 root - INFO - Running Kologomorov-Smirnov Test to Check If data belong to the same distribution
[2023-10-06 21:52:11,305] 68 root - INFO - Running Kologomorov-Smirnov Test to Check If data belong to the same distribution
[2023-10-06 21:52:11,341] 68 root - INFO - Running Kologomorov-Smirnov Test to Check If data belong to the same distribution
[2023-10-06 21:52:11,380] 68 root - INFO - Running Kologomorov-Smirnov Test to Check If data belong to the same distribution
[2023-10-06 21:52:11,429] 68 root - INFO - Running Kologomorov-Smirnov Test to Check If data belong to the same distribution
[2023-10-06 21:52:11,486] 68 root - INFO - Running Kologomorov-Smirnov Test to Check If data belong to the same distribution
[2023-10-06 21:52:11,556] 68 root - INFO - Running Kologomorov-Smirnov Test to Check If data belong to the same distribution
[2023-10-06 21:52:11,606] 68 root - INFO - Running Kologomorov-Smirnov Test to Check If data belong to the same distribution
[2023-10-06 21:52:11,653] 68 root - INFO - Running Kologomorov-Smirnov Test to Check If data belong to the same distribution
[2023-10-06 21:52:11,702] 68 root - INFO - Running Kologomorov-Smirnov Test to Check If data belong to the same distribution
[2023-10-06 21:52:11,749] 68 root - INFO - Running Kologomorov-Smirnov Test to Check If data belong to the same distribution
[2023-10-06 21:52:11,797] 68 root - INFO - Running Kologomorov-Smirnov Test to Check If data belong to the same distribution
[2023-10-06 21:52:11,843] 68 root - INFO - Running Kologomorov-Smirnov Test to Check If data belong to the same distribution
[2023-10-06 21:52:11,891] 68 root - INFO - Running Kologomorov-Smirnov Test to Check If data belong to the same distribution
[2023-10-06 21:52:11,944] 68 root - INFO - Running Kologomorov-Smirnov Test to Check If data belong to the same distribution
[2023-10-06 21:52:12,010] 68 root - INFO - Running Kologomorov-Smirnov Test to Check If data belong to the same distribution
[2023-10-06 21:52:12,078] 68 root - INFO - Running Kologomorov-Smirnov Test to Check If data belong to the same distribution
[2023-10-06 21:52:12,140] 68 root - INFO - Running Kologomorov-Smirnov Test to Check If data belong to the same distribution
[2023-10-06 21:52:12,189] 68 root - INFO - Running Kologomorov-Smirnov Test to Check If data belong to the same distribution
[2023-10-06 21:52:12,233] 68 root - INFO - Running Kologomorov-Smirnov Test to Check If data belong to the same distribution
[2023-10-06 21:52:12,298] 68 root - INFO - Running Kologomorov-Smirnov Test to Check If data belong to the same distribution
[2023-10-06 21:52:12,353] 68 root - INFO - Running Kologomorov-Smirnov Test to Check If data belong to the same distribution
[2023-10-06 21:52:12,412] 68 root - INFO - Running Kologomorov-Smirnov Test to Check If data belong to the same distribution
[2023-10-06 21:52:12,475] 68 root - INFO - Running Kologomorov-Smirnov Test to Check If data belong to the same distribution
[2023-10-06 21:52:12,521] 68 root - INFO - Running Kologomorov-Smirnov Test to Check If data belong to the same distribution
[2023-10-06 21:52:12,570] 68 root - INFO - Running Kologomorov-Smirnov Test to Check If data belong to the same distribution
[2023-10-06 21:52:12,613] 68 root - INFO - Running Kologomorov-Smirnov Test to Check If data belong to the same distribution
[2023-10-06 21:52:12,666] 68 root - INFO - Running Kologomorov-Smirnov Test to Check If data belong to the same distribution
[2023-10-06 21:52:12,726] 68 root - INFO - Running Kologomorov-Smirnov Test to Check If data belong to the same distribution
[2023-10-06 21:52:12,791] 68 root - INFO - Running Kologomorov-Smirnov Test to Check If data belong to the same distribution
[2023-10-06 21:52:12,843] 68 root - INFO - Running Kologomorov-Smirnov Test to Check If data belong to the same distribution
[2023-10-06 21:52:12,905] 68 root - INFO - Running Kologomorov-Smirnov Test to Check If data belong to the same distribution
[2023-10-06 21:52:12,968] 68 root - INFO - Running Kologomorov-Smirnov Test to Check If data belong to the same distribution
[2023-10-06 21:52:13,027] 68 root - INFO - Running Kologomorov-Smirnov Test to Check If data belong to the same distribution
[2023-10-06 21:52:13,087] 68 root - INFO - Running Kologomorov-Smirnov Test to Check If data belong to the same distribution
[2023-10-06 21:52:13,146] 68 root - INFO - Running Kologomorov-Smirnov Test to Check If data belong to the same distribution
[2023-10-06 21:52:13,203] 68 root - INFO - Running Kologomorov-Smirnov Test to Check If data belong to the same distribution
[2023-10-06 21:52:13,258] 68 root - INFO - Running Kologomorov-Smirnov Test to Check If data belong to the same distribution
[2023-10-06 21:52:13,321] 68 root - INFO - Running Kologomorov-Smirnov Test to Check If data belong to the same distribution
[2023-10-06 21:52:13,375] 68 root - INFO - Running Kologomorov-Smirnov Test to Check If data belong to the same distribution
[2023-10-06 21:52:13,425] 68 root - INFO - Running Kologomorov-Smirnov Test to Check If data belong to the same distribution
[2023-10-06 21:52:13,467] 68 root - INFO - Running Kologomorov-Smirnov Test to Check If data belong to the same distribution
[2023-10-06 21:52:13,514] 110 root - INFO - Generating Validation Reports
