[2023-10-06 21:47:43,716] 5 root - INFO - Loading Enviroment Variables ...
[2023-10-06 21:47:44,194] 160 numexpr.utils - INFO - NumExpr defaulting to 8 threads.
[2023-10-06 21:47:45,466] 16 root - INFO - ********************Data Ingestion Loading********************
[2023-10-06 21:47:45,466] 25 root - INFO - Initiate Data Ingestion, Exporting Data as a Dataframe...
[2023-10-06 21:47:45,466] 14 root - INFO - Reading Data From DataBase: aps, accessing Collection: sensor
[2023-10-06 21:47:48,595] 16 root - INFO - Shape of the Dataset: (36188, 172)
[2023-10-06 21:47:48,806] 33 root - INFO - Save Data into Raw Data
[2023-10-06 21:47:48,808] 36 root - INFO - Raw Data Directory Initialised
[2023-10-06 21:47:50,251] 40 root - INFO - >>>Data Segregation Process Initiated<<<
[2023-10-06 21:47:50,474] 46 root - INFO - Save Training and Testing Datasets
[2023-10-06 21:47:52,023] 57 root - INFO - Data Ingestion artifact: DataIngestionArtifact(raw_data_dir='C:\\Users\\nikhi\\sensor-fault-classifier\\artifact\\10062023_214745\\data_ingestion\\raw_data\\raw_data.csv', train_data_dir='C:\\Users\\nikhi\\sensor-fault-classifier\\artifact\\10062023_214745\\data_ingestion\\dataset\\train.csv', test_data_dir='C:\\Users\\nikhi\\sensor-fault-classifier\\artifact\\10062023_214745\\data_ingestion\\dataset\\test.csv')
[2023-10-06 21:47:52,402] 17 root - INFO - ********************Data Validation Loading********************
[2023-10-06 21:47:52,402] 89 root - INFO - Reading the Base Dataset, Treating for Missing Values
[2023-10-06 21:47:54,270] 28 root - INFO - Selecting Columns with Missing values above 2.0% Threshold
[2023-10-06 21:47:55,667] 28 root - INFO - Selecting Columns with Missing values above 2.0% Threshold
[2023-10-06 21:47:55,748] 28 root - INFO - Selecting Columns with Missing values above 2.0% Threshold
[2023-10-06 21:47:55,764] 68 root - INFO - Running Kologomorov-Smirnov Test to Check If data belong to the same distribution
[2023-10-06 21:47:55,848] 68 root - INFO - Running Kologomorov-Smirnov Test to Check If data belong to the same distribution
[2023-10-06 21:47:55,861] 68 root - INFO - Running Kologomorov-Smirnov Test to Check If data belong to the same distribution
[2023-10-06 21:47:55,897] 68 root - INFO - Running Kologomorov-Smirnov Test to Check If data belong to the same distribution
[2023-10-06 21:47:55,979] 68 root - INFO - Running Kologomorov-Smirnov Test to Check If data belong to the same distribution
[2023-10-06 21:47:56,057] 68 root - INFO - Running Kologomorov-Smirnov Test to Check If data belong to the same distribution
[2023-10-06 21:47:56,157] 68 root - INFO - Running Kologomorov-Smirnov Test to Check If data belong to the same distribution
[2023-10-06 21:47:56,263] 68 root - INFO - Running Kologomorov-Smirnov Test to Check If data belong to the same distribution
[2023-10-06 21:47:56,347] 68 root - INFO - Running Kologomorov-Smirnov Test to Check If data belong to the same distribution
[2023-10-06 21:47:56,472] 68 root - INFO - Running Kologomorov-Smirnov Test to Check If data belong to the same distribution
[2023-10-06 21:47:56,574] 68 root - INFO - Running Kologomorov-Smirnov Test to Check If data belong to the same distribution
[2023-10-06 21:47:56,689] 68 root - INFO - Running Kologomorov-Smirnov Test to Check If data belong to the same distribution
[2023-10-06 21:47:56,860] 68 root - INFO - Running Kologomorov-Smirnov Test to Check If data belong to the same distribution
[2023-10-06 21:47:57,005] 68 root - INFO - Running Kologomorov-Smirnov Test to Check If data belong to the same distribution
[2023-10-06 21:47:57,144] 68 root - INFO - Running Kologomorov-Smirnov Test to Check If data belong to the same distribution
[2023-10-06 21:47:57,270] 68 root - INFO - Running Kologomorov-Smirnov Test to Check If data belong to the same distribution
[2023-10-06 21:47:57,396] 68 root - INFO - Running Kologomorov-Smirnov Test to Check If data belong to the same distribution
[2023-10-06 21:47:57,516] 68 root - INFO - Running Kologomorov-Smirnov Test to Check If data belong to the same distribution
[2023-10-06 21:47:57,643] 68 root - INFO - Running Kologomorov-Smirnov Test to Check If data belong to the same distribution
[2023-10-06 21:47:57,742] 68 root - INFO - Running Kologomorov-Smirnov Test to Check If data belong to the same distribution
[2023-10-06 21:47:57,813] 68 root - INFO - Running Kologomorov-Smirnov Test to Check If data belong to the same distribution
[2023-10-06 21:47:57,900] 68 root - INFO - Running Kologomorov-Smirnov Test to Check If data belong to the same distribution
[2023-10-06 21:47:57,991] 68 root - INFO - Running Kologomorov-Smirnov Test to Check If data belong to the same distribution
[2023-10-06 21:47:58,088] 68 root - INFO - Running Kologomorov-Smirnov Test to Check If data belong to the same distribution
[2023-10-06 21:47:58,192] 68 root - INFO - Running Kologomorov-Smirnov Test to Check If data belong to the same distribution
[2023-10-06 21:47:58,293] 68 root - INFO - Running Kologomorov-Smirnov Test to Check If data belong to the same distribution
[2023-10-06 21:47:58,389] 68 root - INFO - Running Kologomorov-Smirnov Test to Check If data belong to the same distribution
[2023-10-06 21:47:58,484] 68 root - INFO - Running Kologomorov-Smirnov Test to Check If data belong to the same distribution
[2023-10-06 21:47:58,573] 68 root - INFO - Running Kologomorov-Smirnov Test to Check If data belong to the same distribution
[2023-10-06 21:47:58,651] 68 root - INFO - Running Kologomorov-Smirnov Test to Check If data belong to the same distribution
[2023-10-06 21:47:58,743] 68 root - INFO - Running Kologomorov-Smirnov Test to Check If data belong to the same distribution
[2023-10-06 21:47:58,827] 68 root - INFO - Running Kologomorov-Smirnov Test to Check If data belong to the same distribution
[2023-10-06 21:47:58,957] 68 root - INFO - Running Kologomorov-Smirnov Test to Check If data belong to the same distribution
[2023-10-06 21:47:59,061] 68 root - INFO - Running Kologomorov-Smirnov Test to Check If data belong to the same distribution
[2023-10-06 21:47:59,151] 68 root - INFO - Running Kologomorov-Smirnov Test to Check If data belong to the same distribution
[2023-10-06 21:47:59,226] 68 root - INFO - Running Kologomorov-Smirnov Test to Check If data belong to the same distribution
[2023-10-06 21:47:59,301] 68 root - INFO - Running Kologomorov-Smirnov Test to Check If data belong to the same distribution
[2023-10-06 21:47:59,372] 68 root - INFO - Running Kologomorov-Smirnov Test to Check If data belong to the same distribution
[2023-10-06 21:47:59,449] 68 root - INFO - Running Kologomorov-Smirnov Test to Check If data belong to the same distribution
[2023-10-06 21:47:59,549] 68 root - INFO - Running Kologomorov-Smirnov Test to Check If data belong to the same distribution
[2023-10-06 21:47:59,676] 68 root - INFO - Running Kologomorov-Smirnov Test to Check If data belong to the same distribution
[2023-10-06 21:47:59,792] 68 root - INFO - Running Kologomorov-Smirnov Test to Check If data belong to the same distribution
[2023-10-06 21:47:59,906] 68 root - INFO - Running Kologomorov-Smirnov Test to Check If data belong to the same distribution
[2023-10-06 21:47:59,973] 68 root - INFO - Running Kologomorov-Smirnov Test to Check If data belong to the same distribution
[2023-10-06 21:48:00,075] 68 root - INFO - Running Kologomorov-Smirnov Test to Check If data belong to the same distribution
[2023-10-06 21:48:00,164] 68 root - INFO - Running Kologomorov-Smirnov Test to Check If data belong to the same distribution
[2023-10-06 21:48:00,260] 68 root - INFO - Running Kologomorov-Smirnov Test to Check If data belong to the same distribution
[2023-10-06 21:48:00,356] 68 root - INFO - Running Kologomorov-Smirnov Test to Check If data belong to the same distribution
[2023-10-06 21:48:00,451] 68 root - INFO - Running Kologomorov-Smirnov Test to Check If data belong to the same distribution
[2023-10-06 21:48:00,550] 68 root - INFO - Running Kologomorov-Smirnov Test to Check If data belong to the same distribution
[2023-10-06 21:48:00,645] 68 root - INFO - Running Kologomorov-Smirnov Test to Check If data belong to the same distribution
[2023-10-06 21:48:00,743] 68 root - INFO - Running Kologomorov-Smirnov Test to Check If data belong to the same distribution
[2023-10-06 21:48:00,841] 68 root - INFO - Running Kologomorov-Smirnov Test to Check If data belong to the same distribution
[2023-10-06 21:48:00,936] 68 root - INFO - Running Kologomorov-Smirnov Test to Check If data belong to the same distribution
[2023-10-06 21:48:01,040] 68 root - INFO - Running Kologomorov-Smirnov Test to Check If data belong to the same distribution
[2023-10-06 21:48:01,159] 68 root - INFO - Running Kologomorov-Smirnov Test to Check If data belong to the same distribution
[2023-10-06 21:48:01,295] 68 root - INFO - Running Kologomorov-Smirnov Test to Check If data belong to the same distribution
[2023-10-06 21:48:01,394] 68 root - INFO - Running Kologomorov-Smirnov Test to Check If data belong to the same distribution
[2023-10-06 21:48:01,487] 68 root - INFO - Running Kologomorov-Smirnov Test to Check If data belong to the same distribution
[2023-10-06 21:48:01,601] 68 root - INFO - Running Kologomorov-Smirnov Test to Check If data belong to the same distribution
[2023-10-06 21:48:01,729] 68 root - INFO - Running Kologomorov-Smirnov Test to Check If data belong to the same distribution
[2023-10-06 21:48:01,828] 68 root - INFO - Running Kologomorov-Smirnov Test to Check If data belong to the same distribution
[2023-10-06 21:48:01,927] 68 root - INFO - Running Kologomorov-Smirnov Test to Check If data belong to the same distribution
[2023-10-06 21:48:02,003] 68 root - INFO - Running Kologomorov-Smirnov Test to Check If data belong to the same distribution
[2023-10-06 21:48:02,106] 68 root - INFO - Running Kologomorov-Smirnov Test to Check If data belong to the same distribution
[2023-10-06 21:48:02,197] 68 root - INFO - Running Kologomorov-Smirnov Test to Check If data belong to the same distribution
[2023-10-06 21:48:02,294] 68 root - INFO - Running Kologomorov-Smirnov Test to Check If data belong to the same distribution
[2023-10-06 21:48:02,396] 68 root - INFO - Running Kologomorov-Smirnov Test to Check If data belong to the same distribution
[2023-10-06 21:48:02,481] 68 root - INFO - Running Kologomorov-Smirnov Test to Check If data belong to the same distribution
[2023-10-06 21:48:02,580] 68 root - INFO - Running Kologomorov-Smirnov Test to Check If data belong to the same distribution
[2023-10-06 21:48:02,672] 68 root - INFO - Running Kologomorov-Smirnov Test to Check If data belong to the same distribution
[2023-10-06 21:48:02,769] 68 root - INFO - Running Kologomorov-Smirnov Test to Check If data belong to the same distribution
[2023-10-06 21:48:02,872] 68 root - INFO - Running Kologomorov-Smirnov Test to Check If data belong to the same distribution
[2023-10-06 21:48:02,942] 68 root - INFO - Running Kologomorov-Smirnov Test to Check If data belong to the same distribution
[2023-10-06 21:48:03,005] 68 root - INFO - Running Kologomorov-Smirnov Test to Check If data belong to the same distribution
[2023-10-06 21:48:03,056] 68 root - INFO - Running Kologomorov-Smirnov Test to Check If data belong to the same distribution
[2023-10-06 21:48:03,101] 68 root - INFO - Running Kologomorov-Smirnov Test to Check If data belong to the same distribution
[2023-10-06 21:48:03,140] 68 root - INFO - Running Kologomorov-Smirnov Test to Check If data belong to the same distribution
[2023-10-06 21:48:03,176] 68 root - INFO - Running Kologomorov-Smirnov Test to Check If data belong to the same distribution
[2023-10-06 21:48:03,216] 68 root - INFO - Running Kologomorov-Smirnov Test to Check If data belong to the same distribution
[2023-10-06 21:48:03,254] 68 root - INFO - Running Kologomorov-Smirnov Test to Check If data belong to the same distribution
[2023-10-06 21:48:03,348] 68 root - INFO - Running Kologomorov-Smirnov Test to Check If data belong to the same distribution
[2023-10-06 21:48:03,448] 68 root - INFO - Running Kologomorov-Smirnov Test to Check If data belong to the same distribution
[2023-10-06 21:48:03,545] 68 root - INFO - Running Kologomorov-Smirnov Test to Check If data belong to the same distribution
[2023-10-06 21:48:03,646] 68 root - INFO - Running Kologomorov-Smirnov Test to Check If data belong to the same distribution
[2023-10-06 21:48:03,744] 68 root - INFO - Running Kologomorov-Smirnov Test to Check If data belong to the same distribution
[2023-10-06 21:48:03,839] 68 root - INFO - Running Kologomorov-Smirnov Test to Check If data belong to the same distribution
[2023-10-06 21:48:03,923] 68 root - INFO - Running Kologomorov-Smirnov Test to Check If data belong to the same distribution
[2023-10-06 21:48:04,011] 68 root - INFO - Running Kologomorov-Smirnov Test to Check If data belong to the same distribution
[2023-10-06 21:48:04,135] 68 root - INFO - Running Kologomorov-Smirnov Test to Check If data belong to the same distribution
[2023-10-06 21:48:04,254] 68 root - INFO - Running Kologomorov-Smirnov Test to Check If data belong to the same distribution
[2023-10-06 21:48:04,337] 68 root - INFO - Running Kologomorov-Smirnov Test to Check If data belong to the same distribution
[2023-10-06 21:48:04,423] 68 root - INFO - Running Kologomorov-Smirnov Test to Check If data belong to the same distribution
[2023-10-06 21:48:04,487] 68 root - INFO - Running Kologomorov-Smirnov Test to Check If data belong to the same distribution
[2023-10-06 21:48:04,558] 68 root - INFO - Running Kologomorov-Smirnov Test to Check If data belong to the same distribution
[2023-10-06 21:48:04,638] 68 root - INFO - Running Kologomorov-Smirnov Test to Check If data belong to the same distribution
[2023-10-06 21:48:04,773] 68 root - INFO - Running Kologomorov-Smirnov Test to Check If data belong to the same distribution
[2023-10-06 21:48:04,884] 68 root - INFO - Running Kologomorov-Smirnov Test to Check If data belong to the same distribution
[2023-10-06 21:48:05,020] 68 root - INFO - Running Kologomorov-Smirnov Test to Check If data belong to the same distribution
[2023-10-06 21:48:05,100] 68 root - INFO - Running Kologomorov-Smirnov Test to Check If data belong to the same distribution
[2023-10-06 21:48:05,171] 68 root - INFO - Running Kologomorov-Smirnov Test to Check If data belong to the same distribution
[2023-10-06 21:48:05,251] 68 root - INFO - Running Kologomorov-Smirnov Test to Check If data belong to the same distribution
[2023-10-06 21:48:05,340] 68 root - INFO - Running Kologomorov-Smirnov Test to Check If data belong to the same distribution
[2023-10-06 21:48:05,417] 68 root - INFO - Running Kologomorov-Smirnov Test to Check If data belong to the same distribution
[2023-10-06 21:48:05,510] 68 root - INFO - Running Kologomorov-Smirnov Test to Check If data belong to the same distribution
[2023-10-06 21:48:05,623] 68 root - INFO - Running Kologomorov-Smirnov Test to Check If data belong to the same distribution
[2023-10-06 21:48:05,779] 68 root - INFO - Running Kologomorov-Smirnov Test to Check If data belong to the same distribution
[2023-10-06 21:48:05,908] 68 root - INFO - Running Kologomorov-Smirnov Test to Check If data belong to the same distribution
[2023-10-06 21:48:06,008] 68 root - INFO - Running Kologomorov-Smirnov Test to Check If data belong to the same distribution
[2023-10-06 21:48:06,091] 68 root - INFO - Running Kologomorov-Smirnov Test to Check If data belong to the same distribution
[2023-10-06 21:48:06,185] 68 root - INFO - Running Kologomorov-Smirnov Test to Check If data belong to the same distribution
[2023-10-06 21:48:06,263] 68 root - INFO - Running Kologomorov-Smirnov Test to Check If data belong to the same distribution
[2023-10-06 21:48:06,369] 68 root - INFO - Running Kologomorov-Smirnov Test to Check If data belong to the same distribution
[2023-10-06 21:48:06,488] 68 root - INFO - Running Kologomorov-Smirnov Test to Check If data belong to the same distribution
[2023-10-06 21:48:06,565] 68 root - INFO - Running Kologomorov-Smirnov Test to Check If data belong to the same distribution
[2023-10-06 21:48:06,684] 68 root - INFO - Running Kologomorov-Smirnov Test to Check If data belong to the same distribution
[2023-10-06 21:48:06,785] 68 root - INFO - Running Kologomorov-Smirnov Test to Check If data belong to the same distribution
[2023-10-06 21:48:06,877] 68 root - INFO - Running Kologomorov-Smirnov Test to Check If data belong to the same distribution
[2023-10-06 21:48:06,970] 68 root - INFO - Running Kologomorov-Smirnov Test to Check If data belong to the same distribution
[2023-10-06 21:48:07,071] 68 root - INFO - Running Kologomorov-Smirnov Test to Check If data belong to the same distribution
[2023-10-06 21:48:07,176] 68 root - INFO - Running Kologomorov-Smirnov Test to Check If data belong to the same distribution
[2023-10-06 21:48:07,312] 68 root - INFO - Running Kologomorov-Smirnov Test to Check If data belong to the same distribution
[2023-10-06 21:48:07,470] 68 root - INFO - Running Kologomorov-Smirnov Test to Check If data belong to the same distribution
[2023-10-06 21:48:07,602] 68 root - INFO - Running Kologomorov-Smirnov Test to Check If data belong to the same distribution
[2023-10-06 21:48:07,712] 68 root - INFO - Running Kologomorov-Smirnov Test to Check If data belong to the same distribution
[2023-10-06 21:48:07,812] 68 root - INFO - Running Kologomorov-Smirnov Test to Check If data belong to the same distribution
[2023-10-06 21:48:07,897] 68 root - INFO - Running Kologomorov-Smirnov Test to Check If data belong to the same distribution
[2023-10-06 21:48:07,979] 68 root - INFO - Running Kologomorov-Smirnov Test to Check If data belong to the same distribution
[2023-10-06 21:48:08,073] 68 root - INFO - Running Kologomorov-Smirnov Test to Check If data belong to the same distribution
[2023-10-06 21:48:08,148] 68 root - INFO - Running Kologomorov-Smirnov Test to Check If data belong to the same distribution
[2023-10-06 21:48:08,225] 68 root - INFO - Running Kologomorov-Smirnov Test to Check If data belong to the same distribution
[2023-10-06 21:48:08,326] 68 root - INFO - Running Kologomorov-Smirnov Test to Check If data belong to the same distribution
[2023-10-06 21:48:08,428] 68 root - INFO - Running Kologomorov-Smirnov Test to Check If data belong to the same distribution
[2023-10-06 21:48:08,526] 68 root - INFO - Running Kologomorov-Smirnov Test to Check If data belong to the same distribution
[2023-10-06 21:48:08,623] 68 root - INFO - Running Kologomorov-Smirnov Test to Check If data belong to the same distribution
[2023-10-06 21:48:08,733] 68 root - INFO - Running Kologomorov-Smirnov Test to Check If data belong to the same distribution
[2023-10-06 21:48:08,838] 68 root - INFO - Running Kologomorov-Smirnov Test to Check If data belong to the same distribution
[2023-10-06 21:48:08,950] 68 root - INFO - Running Kologomorov-Smirnov Test to Check If data belong to the same distribution
[2023-10-06 21:48:09,082] 68 root - INFO - Running Kologomorov-Smirnov Test to Check If data belong to the same distribution
[2023-10-06 21:48:09,206] 68 root - INFO - Running Kologomorov-Smirnov Test to Check If data belong to the same distribution
[2023-10-06 21:48:09,320] 68 root - INFO - Running Kologomorov-Smirnov Test to Check If data belong to the same distribution
[2023-10-06 21:48:09,411] 68 root - INFO - Running Kologomorov-Smirnov Test to Check If data belong to the same distribution
[2023-10-06 21:48:09,529] 68 root - INFO - Running Kologomorov-Smirnov Test to Check If data belong to the same distribution
[2023-10-06 21:48:09,627] 68 root - INFO - Running Kologomorov-Smirnov Test to Check If data belong to the same distribution
[2023-10-06 21:48:09,734] 68 root - INFO - Running Kologomorov-Smirnov Test to Check If data belong to the same distribution
[2023-10-06 21:48:09,862] 68 root - INFO - Running Kologomorov-Smirnov Test to Check If data belong to the same distribution
[2023-10-06 21:48:09,966] 68 root - INFO - Running Kologomorov-Smirnov Test to Check If data belong to the same distribution
[2023-10-06 21:48:10,086] 68 root - INFO - Running Kologomorov-Smirnov Test to Check If data belong to the same distribution
[2023-10-06 21:48:10,187] 68 root - INFO - Running Kologomorov-Smirnov Test to Check If data belong to the same distribution
[2023-10-06 21:48:10,314] 68 root - INFO - Running Kologomorov-Smirnov Test to Check If data belong to the same distribution
[2023-10-06 21:48:10,432] 68 root - INFO - Running Kologomorov-Smirnov Test to Check If data belong to the same distribution
[2023-10-06 21:48:10,542] 68 root - INFO - Running Kologomorov-Smirnov Test to Check If data belong to the same distribution
[2023-10-06 21:48:10,635] 68 root - INFO - Running Kologomorov-Smirnov Test to Check If data belong to the same distribution
[2023-10-06 21:48:10,725] 68 root - INFO - Running Kologomorov-Smirnov Test to Check If data belong to the same distribution
[2023-10-06 21:48:10,843] 68 root - INFO - Running Kologomorov-Smirnov Test to Check If data belong to the same distribution
[2023-10-06 21:48:10,937] 68 root - INFO - Running Kologomorov-Smirnov Test to Check If data belong to the same distribution
[2023-10-06 21:48:11,020] 68 root - INFO - Running Kologomorov-Smirnov Test to Check If data belong to the same distribution
[2023-10-06 21:48:11,116] 68 root - INFO - Running Kologomorov-Smirnov Test to Check If data belong to the same distribution
[2023-10-06 21:48:11,212] 68 root - INFO - Running Kologomorov-Smirnov Test to Check If data belong to the same distribution
[2023-10-06 21:48:11,303] 68 root - INFO - Running Kologomorov-Smirnov Test to Check If data belong to the same distribution
[2023-10-06 21:48:11,410] 68 root - INFO - Running Kologomorov-Smirnov Test to Check If data belong to the same distribution
[2023-10-06 21:48:11,533] 68 root - INFO - Running Kologomorov-Smirnov Test to Check If data belong to the same distribution
[2023-10-06 21:48:11,651] 68 root - INFO - Running Kologomorov-Smirnov Test to Check If data belong to the same distribution
[2023-10-06 21:48:11,773] 68 root - INFO - Running Kologomorov-Smirnov Test to Check If data belong to the same distribution
[2023-10-06 21:48:11,881] 68 root - INFO - Running Kologomorov-Smirnov Test to Check If data belong to the same distribution
[2023-10-06 21:48:12,006] 68 root - INFO - Running Kologomorov-Smirnov Test to Check If data belong to the same distribution
[2023-10-06 21:48:12,126] 68 root - INFO - Running Kologomorov-Smirnov Test to Check If data belong to the same distribution
[2023-10-06 21:48:12,252] 68 root - INFO - Running Kologomorov-Smirnov Test to Check If data belong to the same distribution
[2023-10-06 21:48:12,352] 68 root - INFO - Running Kologomorov-Smirnov Test to Check If data belong to the same distribution
[2023-10-06 21:48:12,458] 68 root - INFO - Running Kologomorov-Smirnov Test to Check If data belong to the same distribution
[2023-10-06 21:48:12,539] 68 root - INFO - Running Kologomorov-Smirnov Test to Check If data belong to the same distribution
[2023-10-06 21:48:12,616] 68 root - INFO - Running Kologomorov-Smirnov Test to Check If data belong to the same distribution
[2023-10-06 21:48:12,665] 68 root - INFO - Running Kologomorov-Smirnov Test to Check If data belong to the same distribution
[2023-10-06 21:48:12,674] 68 root - INFO - Running Kologomorov-Smirnov Test to Check If data belong to the same distribution
[2023-10-06 21:48:12,702] 68 root - INFO - Running Kologomorov-Smirnov Test to Check If data belong to the same distribution
[2023-10-06 21:48:12,754] 68 root - INFO - Running Kologomorov-Smirnov Test to Check If data belong to the same distribution
[2023-10-06 21:48:12,800] 68 root - INFO - Running Kologomorov-Smirnov Test to Check If data belong to the same distribution
[2023-10-06 21:48:12,849] 68 root - INFO - Running Kologomorov-Smirnov Test to Check If data belong to the same distribution
[2023-10-06 21:48:12,905] 68 root - INFO - Running Kologomorov-Smirnov Test to Check If data belong to the same distribution
[2023-10-06 21:48:12,958] 68 root - INFO - Running Kologomorov-Smirnov Test to Check If data belong to the same distribution
[2023-10-06 21:48:13,005] 68 root - INFO - Running Kologomorov-Smirnov Test to Check If data belong to the same distribution
[2023-10-06 21:48:13,053] 68 root - INFO - Running Kologomorov-Smirnov Test to Check If data belong to the same distribution
[2023-10-06 21:48:13,116] 68 root - INFO - Running Kologomorov-Smirnov Test to Check If data belong to the same distribution
[2023-10-06 21:48:13,178] 68 root - INFO - Running Kologomorov-Smirnov Test to Check If data belong to the same distribution
[2023-10-06 21:48:13,238] 68 root - INFO - Running Kologomorov-Smirnov Test to Check If data belong to the same distribution
[2023-10-06 21:48:13,298] 68 root - INFO - Running Kologomorov-Smirnov Test to Check If data belong to the same distribution
[2023-10-06 21:48:13,354] 68 root - INFO - Running Kologomorov-Smirnov Test to Check If data belong to the same distribution
[2023-10-06 21:48:13,421] 68 root - INFO - Running Kologomorov-Smirnov Test to Check If data belong to the same distribution
[2023-10-06 21:48:13,476] 68 root - INFO - Running Kologomorov-Smirnov Test to Check If data belong to the same distribution
[2023-10-06 21:48:13,546] 68 root - INFO - Running Kologomorov-Smirnov Test to Check If data belong to the same distribution
[2023-10-06 21:48:13,601] 68 root - INFO - Running Kologomorov-Smirnov Test to Check If data belong to the same distribution
[2023-10-06 21:48:13,655] 68 root - INFO - Running Kologomorov-Smirnov Test to Check If data belong to the same distribution
[2023-10-06 21:48:13,709] 68 root - INFO - Running Kologomorov-Smirnov Test to Check If data belong to the same distribution
[2023-10-06 21:48:13,770] 68 root - INFO - Running Kologomorov-Smirnov Test to Check If data belong to the same distribution
[2023-10-06 21:48:13,831] 68 root - INFO - Running Kologomorov-Smirnov Test to Check If data belong to the same distribution
[2023-10-06 21:48:13,906] 68 root - INFO - Running Kologomorov-Smirnov Test to Check If data belong to the same distribution
[2023-10-06 21:48:13,967] 68 root - INFO - Running Kologomorov-Smirnov Test to Check If data belong to the same distribution
[2023-10-06 21:48:14,026] 68 root - INFO - Running Kologomorov-Smirnov Test to Check If data belong to the same distribution
[2023-10-06 21:48:14,085] 68 root - INFO - Running Kologomorov-Smirnov Test to Check If data belong to the same distribution
[2023-10-06 21:48:14,130] 68 root - INFO - Running Kologomorov-Smirnov Test to Check If data belong to the same distribution
[2023-10-06 21:48:14,168] 68 root - INFO - Running Kologomorov-Smirnov Test to Check If data belong to the same distribution
[2023-10-06 21:48:14,215] 68 root - INFO - Running Kologomorov-Smirnov Test to Check If data belong to the same distribution
[2023-10-06 21:48:14,280] 68 root - INFO - Running Kologomorov-Smirnov Test to Check If data belong to the same distribution
[2023-10-06 21:48:14,358] 68 root - INFO - Running Kologomorov-Smirnov Test to Check If data belong to the same distribution
[2023-10-06 21:48:14,422] 68 root - INFO - Running Kologomorov-Smirnov Test to Check If data belong to the same distribution
[2023-10-06 21:48:14,461] 68 root - INFO - Running Kologomorov-Smirnov Test to Check If data belong to the same distribution
[2023-10-06 21:48:14,503] 68 root - INFO - Running Kologomorov-Smirnov Test to Check If data belong to the same distribution
[2023-10-06 21:48:14,549] 68 root - INFO - Running Kologomorov-Smirnov Test to Check If data belong to the same distribution
[2023-10-06 21:48:14,598] 68 root - INFO - Running Kologomorov-Smirnov Test to Check If data belong to the same distribution
[2023-10-06 21:48:14,648] 68 root - INFO - Running Kologomorov-Smirnov Test to Check If data belong to the same distribution
[2023-10-06 21:48:14,703] 68 root - INFO - Running Kologomorov-Smirnov Test to Check If data belong to the same distribution
[2023-10-06 21:48:14,760] 68 root - INFO - Running Kologomorov-Smirnov Test to Check If data belong to the same distribution
[2023-10-06 21:48:14,832] 68 root - INFO - Running Kologomorov-Smirnov Test to Check If data belong to the same distribution
[2023-10-06 21:48:14,891] 68 root - INFO - Running Kologomorov-Smirnov Test to Check If data belong to the same distribution
[2023-10-06 21:48:14,931] 68 root - INFO - Running Kologomorov-Smirnov Test to Check If data belong to the same distribution
[2023-10-06 21:48:14,996] 68 root - INFO - Running Kologomorov-Smirnov Test to Check If data belong to the same distribution
[2023-10-06 21:48:15,057] 68 root - INFO - Running Kologomorov-Smirnov Test to Check If data belong to the same distribution
[2023-10-06 21:48:15,120] 68 root - INFO - Running Kologomorov-Smirnov Test to Check If data belong to the same distribution
[2023-10-06 21:48:15,181] 68 root - INFO - Running Kologomorov-Smirnov Test to Check If data belong to the same distribution
[2023-10-06 21:48:15,241] 68 root - INFO - Running Kologomorov-Smirnov Test to Check If data belong to the same distribution
[2023-10-06 21:48:15,302] 68 root - INFO - Running Kologomorov-Smirnov Test to Check If data belong to the same distribution
[2023-10-06 21:48:15,358] 68 root - INFO - Running Kologomorov-Smirnov Test to Check If data belong to the same distribution
[2023-10-06 21:48:15,400] 68 root - INFO - Running Kologomorov-Smirnov Test to Check If data belong to the same distribution
[2023-10-06 21:48:15,446] 68 root - INFO - Running Kologomorov-Smirnov Test to Check If data belong to the same distribution
[2023-10-06 21:48:15,502] 68 root - INFO - Running Kologomorov-Smirnov Test to Check If data belong to the same distribution
[2023-10-06 21:48:15,567] 68 root - INFO - Running Kologomorov-Smirnov Test to Check If data belong to the same distribution
[2023-10-06 21:48:15,644] 68 root - INFO - Running Kologomorov-Smirnov Test to Check If data belong to the same distribution
[2023-10-06 21:48:15,713] 68 root - INFO - Running Kologomorov-Smirnov Test to Check If data belong to the same distribution
[2023-10-06 21:48:15,769] 68 root - INFO - Running Kologomorov-Smirnov Test to Check If data belong to the same distribution
[2023-10-06 21:48:15,830] 68 root - INFO - Running Kologomorov-Smirnov Test to Check If data belong to the same distribution
[2023-10-06 21:48:15,886] 68 root - INFO - Running Kologomorov-Smirnov Test to Check If data belong to the same distribution
[2023-10-06 21:48:15,946] 68 root - INFO - Running Kologomorov-Smirnov Test to Check If data belong to the same distribution
[2023-10-06 21:48:16,001] 68 root - INFO - Running Kologomorov-Smirnov Test to Check If data belong to the same distribution
[2023-10-06 21:48:16,053] 68 root - INFO - Running Kologomorov-Smirnov Test to Check If data belong to the same distribution
[2023-10-06 21:48:16,104] 68 root - INFO - Running Kologomorov-Smirnov Test to Check If data belong to the same distribution
[2023-10-06 21:48:16,166] 68 root - INFO - Running Kologomorov-Smirnov Test to Check If data belong to the same distribution
[2023-10-06 21:48:16,218] 68 root - INFO - Running Kologomorov-Smirnov Test to Check If data belong to the same distribution
[2023-10-06 21:48:16,271] 68 root - INFO - Running Kologomorov-Smirnov Test to Check If data belong to the same distribution
[2023-10-06 21:48:16,323] 68 root - INFO - Running Kologomorov-Smirnov Test to Check If data belong to the same distribution
[2023-10-06 21:48:16,373] 68 root - INFO - Running Kologomorov-Smirnov Test to Check If data belong to the same distribution
[2023-10-06 21:48:16,430] 68 root - INFO - Running Kologomorov-Smirnov Test to Check If data belong to the same distribution
[2023-10-06 21:48:16,486] 68 root - INFO - Running Kologomorov-Smirnov Test to Check If data belong to the same distribution
[2023-10-06 21:48:16,540] 68 root - INFO - Running Kologomorov-Smirnov Test to Check If data belong to the same distribution
[2023-10-06 21:48:16,600] 68 root - INFO - Running Kologomorov-Smirnov Test to Check If data belong to the same distribution
[2023-10-06 21:48:16,646] 68 root - INFO - Running Kologomorov-Smirnov Test to Check If data belong to the same distribution
[2023-10-06 21:48:16,684] 68 root - INFO - Running Kologomorov-Smirnov Test to Check If data belong to the same distribution
[2023-10-06 21:48:16,714] 68 root - INFO - Running Kologomorov-Smirnov Test to Check If data belong to the same distribution
[2023-10-06 21:48:16,742] 68 root - INFO - Running Kologomorov-Smirnov Test to Check If data belong to the same distribution
[2023-10-06 21:48:16,771] 68 root - INFO - Running Kologomorov-Smirnov Test to Check If data belong to the same distribution
[2023-10-06 21:48:16,794] 68 root - INFO - Running Kologomorov-Smirnov Test to Check If data belong to the same distribution
[2023-10-06 21:48:16,815] 68 root - INFO - Running Kologomorov-Smirnov Test to Check If data belong to the same distribution
[2023-10-06 21:48:16,840] 68 root - INFO - Running Kologomorov-Smirnov Test to Check If data belong to the same distribution
[2023-10-06 21:48:16,899] 68 root - INFO - Running Kologomorov-Smirnov Test to Check If data belong to the same distribution
[2023-10-06 21:48:16,958] 68 root - INFO - Running Kologomorov-Smirnov Test to Check If data belong to the same distribution
[2023-10-06 21:48:17,019] 68 root - INFO - Running Kologomorov-Smirnov Test to Check If data belong to the same distribution
[2023-10-06 21:48:17,079] 68 root - INFO - Running Kologomorov-Smirnov Test to Check If data belong to the same distribution
[2023-10-06 21:48:17,140] 68 root - INFO - Running Kologomorov-Smirnov Test to Check If data belong to the same distribution
[2023-10-06 21:48:17,209] 68 root - INFO - Running Kologomorov-Smirnov Test to Check If data belong to the same distribution
[2023-10-06 21:48:17,272] 68 root - INFO - Running Kologomorov-Smirnov Test to Check If data belong to the same distribution
[2023-10-06 21:48:17,342] 68 root - INFO - Running Kologomorov-Smirnov Test to Check If data belong to the same distribution
[2023-10-06 21:48:17,410] 68 root - INFO - Running Kologomorov-Smirnov Test to Check If data belong to the same distribution
[2023-10-06 21:48:17,481] 68 root - INFO - Running Kologomorov-Smirnov Test to Check If data belong to the same distribution
[2023-10-06 21:48:17,527] 68 root - INFO - Running Kologomorov-Smirnov Test to Check If data belong to the same distribution
[2023-10-06 21:48:17,592] 68 root - INFO - Running Kologomorov-Smirnov Test to Check If data belong to the same distribution
[2023-10-06 21:48:17,642] 68 root - INFO - Running Kologomorov-Smirnov Test to Check If data belong to the same distribution
[2023-10-06 21:48:17,692] 68 root - INFO - Running Kologomorov-Smirnov Test to Check If data belong to the same distribution
[2023-10-06 21:48:17,734] 68 root - INFO - Running Kologomorov-Smirnov Test to Check If data belong to the same distribution
[2023-10-06 21:48:17,805] 68 root - INFO - Running Kologomorov-Smirnov Test to Check If data belong to the same distribution
[2023-10-06 21:48:17,860] 68 root - INFO - Running Kologomorov-Smirnov Test to Check If data belong to the same distribution
[2023-10-06 21:48:17,929] 68 root - INFO - Running Kologomorov-Smirnov Test to Check If data belong to the same distribution
[2023-10-06 21:48:17,973] 68 root - INFO - Running Kologomorov-Smirnov Test to Check If data belong to the same distribution
[2023-10-06 21:48:18,023] 68 root - INFO - Running Kologomorov-Smirnov Test to Check If data belong to the same distribution
[2023-10-06 21:48:18,078] 68 root - INFO - Running Kologomorov-Smirnov Test to Check If data belong to the same distribution
[2023-10-06 21:48:18,134] 68 root - INFO - Running Kologomorov-Smirnov Test to Check If data belong to the same distribution
[2023-10-06 21:48:18,201] 68 root - INFO - Running Kologomorov-Smirnov Test to Check If data belong to the same distribution
[2023-10-06 21:48:18,274] 68 root - INFO - Running Kologomorov-Smirnov Test to Check If data belong to the same distribution
[2023-10-06 21:48:18,339] 68 root - INFO - Running Kologomorov-Smirnov Test to Check If data belong to the same distribution
[2023-10-06 21:48:18,400] 68 root - INFO - Running Kologomorov-Smirnov Test to Check If data belong to the same distribution
[2023-10-06 21:48:18,461] 68 root - INFO - Running Kologomorov-Smirnov Test to Check If data belong to the same distribution
[2023-10-06 21:48:18,518] 68 root - INFO - Running Kologomorov-Smirnov Test to Check If data belong to the same distribution
[2023-10-06 21:48:18,572] 68 root - INFO - Running Kologomorov-Smirnov Test to Check If data belong to the same distribution
[2023-10-06 21:48:18,625] 68 root - INFO - Running Kologomorov-Smirnov Test to Check If data belong to the same distribution
[2023-10-06 21:48:18,669] 68 root - INFO - Running Kologomorov-Smirnov Test to Check If data belong to the same distribution
[2023-10-06 21:48:18,717] 68 root - INFO - Running Kologomorov-Smirnov Test to Check If data belong to the same distribution
[2023-10-06 21:48:18,778] 68 root - INFO - Running Kologomorov-Smirnov Test to Check If data belong to the same distribution
[2023-10-06 21:48:18,800] 68 root - INFO - Running Kologomorov-Smirnov Test to Check If data belong to the same distribution
[2023-10-06 21:48:18,867] 68 root - INFO - Running Kologomorov-Smirnov Test to Check If data belong to the same distribution
[2023-10-06 21:48:18,933] 68 root - INFO - Running Kologomorov-Smirnov Test to Check If data belong to the same distribution
[2023-10-06 21:48:19,001] 68 root - INFO - Running Kologomorov-Smirnov Test to Check If data belong to the same distribution
[2023-10-06 21:48:19,072] 68 root - INFO - Running Kologomorov-Smirnov Test to Check If data belong to the same distribution
[2023-10-06 21:48:19,146] 68 root - INFO - Running Kologomorov-Smirnov Test to Check If data belong to the same distribution
[2023-10-06 21:48:19,217] 68 root - INFO - Running Kologomorov-Smirnov Test to Check If data belong to the same distribution
[2023-10-06 21:48:19,282] 68 root - INFO - Running Kologomorov-Smirnov Test to Check If data belong to the same distribution
[2023-10-06 21:48:19,348] 68 root - INFO - Running Kologomorov-Smirnov Test to Check If data belong to the same distribution
[2023-10-06 21:48:19,402] 68 root - INFO - Running Kologomorov-Smirnov Test to Check If data belong to the same distribution
[2023-10-06 21:48:19,448] 68 root - INFO - Running Kologomorov-Smirnov Test to Check If data belong to the same distribution
[2023-10-06 21:48:19,498] 68 root - INFO - Running Kologomorov-Smirnov Test to Check If data belong to the same distribution
[2023-10-06 21:48:19,551] 68 root - INFO - Running Kologomorov-Smirnov Test to Check If data belong to the same distribution
[2023-10-06 21:48:19,618] 68 root - INFO - Running Kologomorov-Smirnov Test to Check If data belong to the same distribution
[2023-10-06 21:48:19,674] 68 root - INFO - Running Kologomorov-Smirnov Test to Check If data belong to the same distribution
[2023-10-06 21:48:19,721] 68 root - INFO - Running Kologomorov-Smirnov Test to Check If data belong to the same distribution
[2023-10-06 21:48:19,775] 68 root - INFO - Running Kologomorov-Smirnov Test to Check If data belong to the same distribution
[2023-10-06 21:48:19,817] 68 root - INFO - Running Kologomorov-Smirnov Test to Check If data belong to the same distribution
[2023-10-06 21:48:19,868] 68 root - INFO - Running Kologomorov-Smirnov Test to Check If data belong to the same distribution
[2023-10-06 21:48:19,943] 68 root - INFO - Running Kologomorov-Smirnov Test to Check If data belong to the same distribution
[2023-10-06 21:48:20,001] 68 root - INFO - Running Kologomorov-Smirnov Test to Check If data belong to the same distribution
[2023-10-06 21:48:20,055] 68 root - INFO - Running Kologomorov-Smirnov Test to Check If data belong to the same distribution
[2023-10-06 21:48:20,096] 68 root - INFO - Running Kologomorov-Smirnov Test to Check If data belong to the same distribution
[2023-10-06 21:48:20,138] 68 root - INFO - Running Kologomorov-Smirnov Test to Check If data belong to the same distribution
[2023-10-06 21:48:20,181] 68 root - INFO - Running Kologomorov-Smirnov Test to Check If data belong to the same distribution
[2023-10-06 21:48:20,223] 68 root - INFO - Running Kologomorov-Smirnov Test to Check If data belong to the same distribution
[2023-10-06 21:48:20,267] 68 root - INFO - Running Kologomorov-Smirnov Test to Check If data belong to the same distribution
[2023-10-06 21:48:20,310] 68 root - INFO - Running Kologomorov-Smirnov Test to Check If data belong to the same distribution
[2023-10-06 21:48:20,368] 68 root - INFO - Running Kologomorov-Smirnov Test to Check If data belong to the same distribution
[2023-10-06 21:48:20,419] 68 root - INFO - Running Kologomorov-Smirnov Test to Check If data belong to the same distribution
[2023-10-06 21:48:20,490] 68 root - INFO - Running Kologomorov-Smirnov Test to Check If data belong to the same distribution
[2023-10-06 21:48:20,556] 68 root - INFO - Running Kologomorov-Smirnov Test to Check If data belong to the same distribution
[2023-10-06 21:48:20,623] 68 root - INFO - Running Kologomorov-Smirnov Test to Check If data belong to the same distribution
[2023-10-06 21:48:20,671] 68 root - INFO - Running Kologomorov-Smirnov Test to Check If data belong to the same distribution
[2023-10-06 21:48:20,723] 68 root - INFO - Running Kologomorov-Smirnov Test to Check If data belong to the same distribution
[2023-10-06 21:48:20,792] 68 root - INFO - Running Kologomorov-Smirnov Test to Check If data belong to the same distribution
[2023-10-06 21:48:20,862] 68 root - INFO - Running Kologomorov-Smirnov Test to Check If data belong to the same distribution
[2023-10-06 21:48:20,928] 68 root - INFO - Running Kologomorov-Smirnov Test to Check If data belong to the same distribution
[2023-10-06 21:48:21,000] 68 root - INFO - Running Kologomorov-Smirnov Test to Check If data belong to the same distribution
[2023-10-06 21:48:21,059] 68 root - INFO - Running Kologomorov-Smirnov Test to Check If data belong to the same distribution
[2023-10-06 21:48:21,120] 68 root - INFO - Running Kologomorov-Smirnov Test to Check If data belong to the same distribution
[2023-10-06 21:48:21,167] 68 root - INFO - Running Kologomorov-Smirnov Test to Check If data belong to the same distribution
[2023-10-06 21:48:21,222] 68 root - INFO - Running Kologomorov-Smirnov Test to Check If data belong to the same distribution
[2023-10-06 21:48:21,293] 68 root - INFO - Running Kologomorov-Smirnov Test to Check If data belong to the same distribution
[2023-10-06 21:48:21,366] 68 root - INFO - Running Kologomorov-Smirnov Test to Check If data belong to the same distribution
[2023-10-06 21:48:21,423] 68 root - INFO - Running Kologomorov-Smirnov Test to Check If data belong to the same distribution
[2023-10-06 21:48:21,482] 68 root - INFO - Running Kologomorov-Smirnov Test to Check If data belong to the same distribution
[2023-10-06 21:48:21,542] 68 root - INFO - Running Kologomorov-Smirnov Test to Check If data belong to the same distribution
[2023-10-06 21:48:21,607] 68 root - INFO - Running Kologomorov-Smirnov Test to Check If data belong to the same distribution
[2023-10-06 21:48:21,674] 68 root - INFO - Running Kologomorov-Smirnov Test to Check If data belong to the same distribution
[2023-10-06 21:48:21,733] 68 root - INFO - Running Kologomorov-Smirnov Test to Check If data belong to the same distribution
[2023-10-06 21:48:21,791] 68 root - INFO - Running Kologomorov-Smirnov Test to Check If data belong to the same distribution
[2023-10-06 21:48:21,856] 68 root - INFO - Running Kologomorov-Smirnov Test to Check If data belong to the same distribution
[2023-10-06 21:48:21,911] 68 root - INFO - Running Kologomorov-Smirnov Test to Check If data belong to the same distribution
[2023-10-06 21:48:21,963] 68 root - INFO - Running Kologomorov-Smirnov Test to Check If data belong to the same distribution
[2023-10-06 21:48:22,012] 68 root - INFO - Running Kologomorov-Smirnov Test to Check If data belong to the same distribution
[2023-10-06 21:48:22,061] 68 root - INFO - Running Kologomorov-Smirnov Test to Check If data belong to the same distribution
[2023-10-06 21:48:22,107] 110 root - INFO - Generating Validation Reports
[2023-10-06 21:48:22,107] 22 root - INFO - Error Occured in Python Script:[C:\Users\nikhi\sensor-fault-classifier\src\components\data_validation.py], LineNumber: [111], Error Message:[name 'validation_error' is not defined]
